#
# There is insufficient memory for the Java Runtime Environment to continue.
# Native memory allocation (malloc) failed to allocate 901936 bytes for Chunk::new
# Possible reasons:
#   The system is out of physical RAM or swap space
#   In 32 bit mode, the process size limit was hit
# Possible solutions:
#   Reduce memory load on the system
#   Increase physical memory or swap space
#   Check if swap backing store is full
#   Use 64 bit Java on a 64 bit OS
#   Decrease Java heap size (-Xmx/-Xms)
#   Decrease number of Java threads
#   Decrease Java thread stack sizes (-Xss)
#   Set larger code cache with -XX:ReservedCodeCacheSize=
# This output file may be truncated or incomplete.
#
#  Out of Memory Error (allocation.cpp:390), pid=13140, tid=0x0000000000003138
#
# JRE version: OpenJDK Runtime Environment (8.0_152-b02) (build 1.8.0_152-release-1024-b02)
# Java VM: OpenJDK 64-Bit Server VM (25.152-b02 mixed mode windows-amd64 compressed oops)
# Failed to write core dump. Minidumps are not enabled by default on client versions of Windows
#

---------------  T H R E A D  ---------------

Current thread (0x0000000017b3e000):  JavaThread "C2 CompilerThread1" daemon [_thread_in_native, id=12600, stack(0x0000000019540000,0x0000000019640000)]

Stack: [0x0000000019540000,0x0000000019640000]
[error occurred during error reporting (printing stack bounds), id 0xc0000005]

Native frames: (J=compiled Java code, j=interpreted, Vv=VM code, C=native code)


Current CompileTask:
C2:  51529 6110       4       org.gradle.model.internal.type.ModelType::wrap (219 bytes)


---------------  P R O C E S S  ---------------

Java Threads: ( => current thread )
  0x000000001adb1800 JavaThread "Memory manager" [_thread_blocked, id=9660, stack(0x0000000022050000,0x0000000022150000)]
  0x000000001adb4800 JavaThread "pool-1-thread-1" [_thread_blocked, id=12252, stack(0x0000000021f50000,0x0000000022050000)]
  0x000000001adb4000 JavaThread "build operations Thread 4" [_thread_blocked, id=2352, stack(0x0000000021a50000,0x0000000021b50000)]
  0x000000001adaf800 JavaThread "build operations Thread 3" [_thread_blocked, id=10480, stack(0x0000000021950000,0x0000000021a50000)]
  0x000000001adb0000 JavaThread "build operations Thread 2" [_thread_blocked, id=6812, stack(0x0000000021850000,0x0000000021950000)]
  0x000000001adb6000 JavaThread "build operations" [_thread_blocked, id=17912, stack(0x00000000213d0000,0x00000000214d0000)]
  0x000000001adb5800 JavaThread "Cache worker for Artifact transforms cache (F:\AndroidCache\.gradle\caches\transforms-1)" [_thread_blocked, id=14540, stack(0x000000001fa60000,0x000000001fb60000)]
  0x000000001ca69800 JavaThread "Cache worker for file hash cache (D:\Andriod\RegionTextRecognization\.gradle\4.4\fileHashes)" [_thread_blocked, id=12408, stack(0x000000001e160000,0x000000001e260000)]
  0x000000001ab1a800 JavaThread "File lock request listener" [_thread_in_native, id=14436, stack(0x000000001d090000,0x000000001d190000)]
  0x000000001bfd8800 JavaThread "Cache worker for file hash cache (F:\AndroidCache\.gradle\caches\4.4\fileHashes)" [_thread_blocked, id=4904, stack(0x000000001cf90000,0x000000001d090000)]
  0x000000001a209800 JavaThread "Stdin handler" [_thread_blocked, id=11556, stack(0x000000001bcc0000,0x000000001bdc0000)]
  0x000000001a204000 JavaThread "Asynchronous log dispatcher for DefaultDaemonConnection: socket connection from /127.0.0.1:50867 to /127.0.0.1:50868" [_thread_blocked, id=17920, stack(0x000000001bbc0000,0x000000001bcc0000)]
  0x000000001a201800 JavaThread "Daemon worker" [_thread_in_Java, id=9428, stack(0x000000001bac0000,0x000000001bbc0000)]
  0x000000001a226000 JavaThread "Cancel handler" [_thread_blocked, id=10712, stack(0x000000001b9c0000,0x000000001bac0000)]
  0x000000001a1a6800 JavaThread "Handler for socket connection from /127.0.0.1:50867 to /127.0.0.1:50868" [_thread_in_native, id=16652, stack(0x000000001b6c0000,0x000000001b7c0000)]
  0x000000001a1a4000 JavaThread "Daemon" [_thread_blocked, id=13768, stack(0x000000001b5c0000,0x000000001b6c0000)]
  0x000000001a115800 JavaThread "Daemon periodic checks" [_thread_blocked, id=1348, stack(0x000000001b4c0000,0x000000001b5c0000)]
  0x000000001a192000 JavaThread "Incoming local TCP Connector on port 50867" [_thread_in_native, id=15248, stack(0x000000001b310000,0x000000001b410000)]
  0x0000000018eca000 JavaThread "Service Thread" daemon [_thread_blocked, id=14224, stack(0x0000000019740000,0x0000000019840000)]
  0x0000000018e50000 JavaThread "C1 CompilerThread2" daemon [_thread_blocked, id=18660, stack(0x0000000019640000,0x0000000019740000)]
=>0x0000000017b3e000 JavaThread "C2 CompilerThread1" daemon [_thread_in_native, id=12600, stack(0x0000000019540000,0x0000000019640000)]
  0x0000000017b39000 JavaThread "C2 CompilerThread0" daemon [_thread_in_native, id=12896, stack(0x0000000019440000,0x0000000019540000)]
  0x0000000017aef000 JavaThread "Attach Listener" daemon [_thread_blocked, id=18428, stack(0x0000000019340000,0x0000000019440000)]
  0x0000000018e48800 JavaThread "Signal Dispatcher" daemon [_thread_blocked, id=18484, stack(0x0000000019240000,0x0000000019340000)]
  0x0000000002ebe000 JavaThread "Finalizer" daemon [_thread_blocked, id=13880, stack(0x0000000018d40000,0x0000000018e40000)]
  0x0000000002eb3000 JavaThread "Reference Handler" daemon [_thread_blocked, id=6856, stack(0x0000000018c40000,0x0000000018d40000)]
  0x0000000002dc3000 JavaThread "main" [_thread_blocked, id=11976, stack(0x0000000002c00000,0x0000000002d00000)]

Other Threads:
  0x0000000017aa5000 VMThread [stack: 0x0000000018b40000,0x0000000018c40000] [id=8892]
  0x0000000018eca800 WatcherThread [stack: 0x0000000019840000,0x0000000019940000] [id=5748]

VM state:not at safepoint (normal execution)

VM Mutex/Monitor currently owned by a thread: None

Heap:
 PSYoungGen      total 80896K, used 22689K [0x00000000d5580000, 0x00000000dc500000, 0x0000000100000000)
  eden space 66048K, 11% used [0x00000000d5580000,0x00000000d5d28b90,0x00000000d9600000)
  from space 14848K, 99% used [0x00000000d9600000,0x00000000da47f9b0,0x00000000da480000)
  to   space 17920K, 0% used [0x00000000db380000,0x00000000db380000,0x00000000dc500000)
 ParOldGen       total 115712K, used 22915K [0x0000000080000000, 0x0000000087100000, 0x00000000d5580000)
  object space 115712K, 19% used [0x0000000080000000,0x0000000081660c80,0x0000000087100000)
 Metaspace       used 56391K, capacity 58090K, committed 58368K, reserved 1099776K
  class space    used 7671K, capacity 8112K, committed 8192K, reserved 1048576K

Card table byte_map: [0x0000000012280000,0x0000000012690000] byte_map_base: 0x0000000011e80000

Marking Bits: (ParMarkBitMap*) 0x00000000555f4970
 Begin Bits: [0x0000000012d40000, 0x0000000014d40000)
 End Bits:   [0x0000000014d40000, 0x0000000016d40000)

Polling page: 0x0000000002850000

CodeCache: size=245760Kb used=20046Kb max_used=20606Kb free=225713Kb
 bounds [0x0000000002ec0000, 0x0000000004300000, 0x0000000011ec0000]
 total_blobs=6407 nmethods=5628 adapters=692
 compilation: enabled

Compilation events (10 events):
Event: 51.433 Thread 0x0000000017b39000 6145       4       com.google.common.collect.ImmutableCollection$ArrayBasedBuilder::add (34 bytes)
Event: 51.433 Thread 0x0000000018e50000 6146       3       org.gradle.model.internal.core.rule.describe.AbstractModelRuleDescriptor::<init> (5 bytes)
Event: 51.434 Thread 0x0000000018e50000 nmethod 6146 0x0000000002ff7810 code [0x0000000002ff7960, 0x0000000002ff7b10]
Event: 51.434 Thread 0x0000000018e50000 6147       3       org.gradle.plugins.ide.internal.tooling.model.LaunchableGradleTask::setProjectIdentifier (7 bytes)
Event: 51.434 Thread 0x0000000018e50000 nmethod 6147 0x00000000039b0fd0 code [0x00000000039b1120, 0x00000000039b1290]
Event: 51.439 Thread 0x0000000017b39000 nmethod 6145 0x0000000003b53d50 code [0x0000000003b53ea0, 0x0000000003b541e8]
Event: 51.448 Thread 0x0000000018e50000 6148   !   3       org.gradle.util.GUtil::uncheckedCall (13 bytes)
Event: 51.448 Thread 0x0000000018e50000 nmethod 6148 0x000000000335dfd0 code [0x000000000335e140, 0x000000000335e398]
Event: 51.460 Thread 0x0000000018e50000 6149       3       org.gradle.api.internal.DefaultDomainObjectCollection$IteratorImpl::next (18 bytes)
Event: 51.461 Thread 0x0000000018e50000 nmethod 6149 0x00000000034572d0 code [0x0000000003457440, 0x0000000003457688]

GC Heap History (10 events):
Event: 28.603 GC heap before
{Heap before GC invocations=13 (full 2):
 PSYoungGen      total 57856K, used 47104K [0x00000000d5580000, 0x00000000d9d00000, 0x0000000100000000)
  eden space 47104K, 100% used [0x00000000d5580000,0x00000000d8380000,0x00000000d8380000)
  from space 10752K, 0% used [0x00000000d8f80000,0x00000000d8f80000,0x00000000d9a00000)
  to   space 12288K, 0% used [0x00000000d8380000,0x00000000d8380000,0x00000000d8f80000)
 ParOldGen       total 115712K, used 18520K [0x0000000080000000, 0x0000000087100000, 0x00000000d5580000)
  object space 115712K, 16% used [0x0000000080000000,0x0000000081216188,0x0000000087100000)
 Metaspace       used 40239K, capacity 41122K, committed 41344K, reserved 1085440K
  class space    used 5427K, capacity 5730K, committed 5760K, reserved 1048576K
Event: 28.618 GC heap after
Heap after GC invocations=13 (full 2):
 PSYoungGen      total 59392K, used 5650K [0x00000000d5580000, 0x00000000da500000, 0x0000000100000000)
  eden space 47104K, 0% used [0x00000000d5580000,0x00000000d5580000,0x00000000d8380000)
  from space 12288K, 45% used [0x00000000d8380000,0x00000000d8904898,0x00000000d8f80000)
  to   space 12288K, 0% used [0x00000000d9900000,0x00000000d9900000,0x00000000da500000)
 ParOldGen       total 115712K, used 18528K [0x0000000080000000, 0x0000000087100000, 0x00000000d5580000)
  object space 115712K, 16% used [0x0000000080000000,0x0000000081218188,0x0000000087100000)
 Metaspace       used 40239K, capacity 41122K, committed 41344K, reserved 1085440K
  class space    used 5427K, capacity 5730K, committed 5760K, reserved 1048576K
}
Event: 30.398 GC heap before
{Heap before GC invocations=14 (full 2):
 PSYoungGen      total 59392K, used 52754K [0x00000000d5580000, 0x00000000da500000, 0x0000000100000000)
  eden space 47104K, 100% used [0x00000000d5580000,0x00000000d8380000,0x00000000d8380000)
  from space 12288K, 45% used [0x00000000d8380000,0x00000000d8904898,0x00000000d8f80000)
  to   space 12288K, 0% used [0x00000000d9900000,0x00000000d9900000,0x00000000da500000)
 ParOldGen       total 115712K, used 18528K [0x0000000080000000, 0x0000000087100000, 0x00000000d5580000)
  object space 115712K, 16% used [0x0000000080000000,0x0000000081218188,0x0000000087100000)
 Metaspace       used 42511K, capacity 43388K, committed 43648K, reserved 1087488K
  class space    used 5704K, capacity 5991K, committed 6016K, reserved 1048576K
Event: 30.412 GC heap after
Heap after GC invocations=14 (full 2):
 PSYoungGen      total 68096K, used 6675K [0x00000000d5580000, 0x00000000da400000, 0x0000000100000000)
  eden space 56832K, 0% used [0x00000000d5580000,0x00000000d5580000,0x00000000d8d00000)
  from space 11264K, 59% used [0x00000000d9900000,0x00000000d9f84cb8,0x00000000da400000)
  to   space 11776K, 0% used [0x00000000d8d00000,0x00000000d8d00000,0x00000000d9880000)
 ParOldGen       total 115712K, used 18536K [0x0000000080000000, 0x0000000087100000, 0x00000000d5580000)
  object space 115712K, 16% used [0x0000000080000000,0x000000008121a188,0x0000000087100000)
 Metaspace       used 42511K, capacity 43388K, committed 43648K, reserved 1087488K
  class space    used 5704K, capacity 5991K, committed 6016K, reserved 1048576K
}
Event: 35.357 GC heap before
{Heap before GC invocations=15 (full 2):
 PSYoungGen      total 68096K, used 63507K [0x00000000d5580000, 0x00000000da400000, 0x0000000100000000)
  eden space 56832K, 100% used [0x00000000d5580000,0x00000000d8d00000,0x00000000d8d00000)
  from space 11264K, 59% used [0x00000000d9900000,0x00000000d9f84cb8,0x00000000da400000)
  to   space 11776K, 0% used [0x00000000d8d00000,0x00000000d8d00000,0x00000000d9880000)
 ParOldGen       total 115712K, used 18536K [0x0000000080000000, 0x0000000087100000, 0x00000000d5580000)
  object space 115712K, 16% used [0x0000000080000000,0x000000008121a188,0x0000000087100000)
 Metaspace       used 46750K, capacity 47896K, committed 48256K, reserved 1091584K
  class space    used 6353K, capacity 6678K, committed 6784K, reserved 1048576K
Event: 35.380 GC heap after
Heap after GC invocations=15 (full 2):
 PSYoungGen      total 68608K, used 11771K [0x00000000d5580000, 0x00000000db180000, 0x0000000100000000)
  eden space 56832K, 0% used [0x00000000d5580000,0x00000000d5580000,0x00000000d8d00000)
  from space 11776K, 99% used [0x00000000d8d00000,0x00000000d987efe0,0x00000000d9880000)
  to   space 13312K, 0% used [0x00000000da480000,0x00000000da480000,0x00000000db180000)
 ParOldGen       total 115712K, used 19495K [0x0000000080000000, 0x0000000087100000, 0x00000000d5580000)
  object space 115712K, 16% used [0x0000000080000000,0x0000000081309c48,0x0000000087100000)
 Metaspace       used 46750K, capacity 47896K, committed 48256K, reserved 1091584K
  class space    used 6353K, capacity 6678K, committed 6784K, reserved 1048576K
}
Event: 43.390 GC heap before
{Heap before GC invocations=16 (full 2):
 PSYoungGen      total 68608K, used 68603K [0x00000000d5580000, 0x00000000db180000, 0x0000000100000000)
  eden space 56832K, 100% used [0x00000000d5580000,0x00000000d8d00000,0x00000000d8d00000)
  from space 11776K, 99% used [0x00000000d8d00000,0x00000000d987efe0,0x00000000d9880000)
  to   space 13312K, 0% used [0x00000000da480000,0x00000000da480000,0x00000000db180000)
 ParOldGen       total 115712K, used 19495K [0x0000000080000000, 0x0000000087100000, 0x00000000d5580000)
  object space 115712K, 16% used [0x0000000080000000,0x0000000081309c48,0x0000000087100000)
 Metaspace       used 51858K, capacity 53260K, committed 53504K, reserved 1095680K
  class space    used 6949K, capacity 7358K, committed 7424K, reserved 1048576K
Event: 43.464 GC heap after
Heap after GC invocations=16 (full 2):
 PSYoungGen      total 79360K, used 13281K [0x00000000d5580000, 0x00000000db500000, 0x0000000100000000)
  eden space 66048K, 0% used [0x00000000d5580000,0x00000000d5580000,0x00000000d9600000)
  from space 13312K, 99% used [0x00000000da480000,0x00000000db178558,0x00000000db180000)
  to   space 14848K, 0% used [0x00000000d9600000,0x00000000d9600000,0x00000000da480000)
 ParOldGen       total 115712K, used 19935K [0x0000000080000000, 0x0000000087100000, 0x00000000d5580000)
  object space 115712K, 17% used [0x0000000080000000,0x0000000081377c18,0x0000000087100000)
 Metaspace       used 51858K, capacity 53260K, committed 53504K, reserved 1095680K
  class space    used 6949K, capacity 7358K, committed 7424K, reserved 1048576K
}
Event: 51.297 GC heap before
{Heap before GC invocations=17 (full 2):
 PSYoungGen      total 79360K, used 79329K [0x00000000d5580000, 0x00000000db500000, 0x0000000100000000)
  eden space 66048K, 100% used [0x00000000d5580000,0x00000000d9600000,0x00000000d9600000)
  from space 13312K, 99% used [0x00000000da480000,0x00000000db178558,0x00000000db180000)
  to   space 14848K, 0% used [0x00000000d9600000,0x00000000d9600000,0x00000000da480000)
 ParOldGen       total 115712K, used 19935K [0x0000000080000000, 0x0000000087100000, 0x00000000d5580000)
  object space 115712K, 17% used [0x0000000080000000,0x0000000081377c18,0x0000000087100000)
 Metaspace       used 56105K, capacity 57758K, committed 57984K, reserved 1099776K
  class space    used 7622K, capacity 8046K, committed 8064K, reserved 1048576K
Event: 51.335 GC heap after
Heap after GC invocations=17 (full 2):
 PSYoungGen      total 80896K, used 14846K [0x00000000d5580000, 0x00000000dc500000, 0x0000000100000000)
  eden space 66048K, 0% used [0x00000000d5580000,0x00000000d5580000,0x00000000d9600000)
  from space 14848K, 99% used [0x00000000d9600000,0x00000000da47f9b0,0x00000000da480000)
  to   space 17920K, 0% used [0x00000000db380000,0x00000000db380000,0x00000000dc500000)
 ParOldGen       total 115712K, used 22915K [0x0000000080000000, 0x0000000087100000, 0x00000000d5580000)
  object space 115712K, 19% used [0x0000000080000000,0x0000000081660c80,0x0000000087100000)
 Metaspace       used 56105K, capacity 57758K, committed 57984K, reserved 1099776K
  class space    used 7622K, capacity 8046K, committed 8064K, reserved 1048576K
}

Deoptimization events (10 events):
Event: 48.384 Thread 0x000000001a201800 Uncommon trap: reason=unstable_if action=reinterpret pc=0x000000000329f468 method=org.objectweb.asm.Type.getArgumentsAndReturnSizes(Ljava/lang/String;)I @ 47
Event: 48.385 Thread 0x000000001a201800 Uncommon trap: reason=unstable_if action=reinterpret pc=0x00000000039516bc method=org.objectweb.asm.Type.getArgumentsAndReturnSizes(Ljava/lang/String;)I @ 47
Event: 48.483 Thread 0x000000001a201800 Uncommon trap: reason=unstable_if action=reinterpret pc=0x0000000003e694c0 method=java.util.TreeMap.put(Ljava/lang/Object;Ljava/lang/Object;)Ljava/lang/Object; @ 163
Event: 50.763 Thread 0x000000001a201800 Uncommon trap: reason=class_check action=maybe_recompile pc=0x00000000032e1b48 method=org.gradle.internal.logging.text.AbstractLineChoppingStyledTextOutput$StateContext.flushLineText()V @ 110
Event: 50.763 Thread 0x000000001a201800 Uncommon trap: reason=class_check action=maybe_recompile pc=0x00000000032e1b48 method=org.gradle.internal.logging.text.AbstractLineChoppingStyledTextOutput$StateContext.flushLineText()V @ 110
Event: 50.807 Thread 0x000000001a201800 Uncommon trap: reason=class_check action=maybe_recompile pc=0x0000000003c963f8 method=org.gradle.model.internal.type.ModelType.wrap(Ljava/lang/reflect/Type;)Lorg/gradle/model/internal/type/TypeWrapper; @ 33
Event: 50.807 Thread 0x000000001a201800 Uncommon trap: reason=class_check action=maybe_recompile pc=0x0000000003c96550 method=org.gradle.model.internal.type.ModelType.wrap(Ljava/lang/reflect/Type;)Lorg/gradle/model/internal/type/TypeWrapper; @ 83
Event: 50.814 Thread 0x000000001a201800 Uncommon trap: reason=class_check action=maybe_recompile pc=0x0000000003c963f8 method=org.gradle.model.internal.type.ModelType.wrap(Ljava/lang/reflect/Type;)Lorg/gradle/model/internal/type/TypeWrapper; @ 33
Event: 50.814 Thread 0x000000001a201800 Uncommon trap: reason=class_check action=maybe_recompile pc=0x0000000003c96550 method=org.gradle.model.internal.type.ModelType.wrap(Ljava/lang/reflect/Type;)Lorg/gradle/model/internal/type/TypeWrapper; @ 83
Event: 51.064 Thread 0x000000001a201800 Uncommon trap: reason=unstable_if action=reinterpret pc=0x0000000003e6cad0 method=java.lang.reflect.AccessibleObject.setAccessible0(Ljava/lang/reflect/AccessibleObject;Z)V @ 23

Classes redefined (0 events):
No events

Internal exceptions (10 events):
Event: 51.079 Thread 0x000000001a201800 Exception <a 'java/lang/ClassNotFoundException': org/jetbrains/plugins/gradle/model/ear/EarConfigurationBeanInfo> (0x00000000d8a39cb8) thrown at [D:\src\AOSP-openjdk-cygwin\jdk8u\hotspot\src\share\vm\classfile\systemDictionary.cpp, line 210]
Event: 51.080 Thread 0x000000001a201800 Exception <a 'java/lang/ClassNotFoundException': org/jetbrains/plugins/gradle/model/ear/EarConfigurationCustomizer> (0x00000000d8a49b18) thrown at [D:\src\AOSP-openjdk-cygwin\jdk8u\hotspot\src\share\vm\classfile\systemDictionary.cpp, line 210]
Event: 51.085 Thread 0x000000001a201800 Exception <a 'java/lang/ClassNotFoundException': org/jetbrains/plugins/gradle/model/scala/ScalaModelBeanInfo> (0x00000000d8a863b0) thrown at [D:\src\AOSP-openjdk-cygwin\jdk8u\hotspot\src\share\vm\classfile\systemDictionary.cpp, line 210]
Event: 51.086 Thread 0x000000001a201800 Exception <a 'java/lang/ClassNotFoundException': org/jetbrains/plugins/gradle/model/scala/ScalaModelCustomizer> (0x00000000d8a95050) thrown at [D:\src\AOSP-openjdk-cygwin\jdk8u\hotspot\src\share\vm\classfile\systemDictionary.cpp, line 210]
Event: 51.089 Thread 0x000000001a201800 Exception <a 'java/lang/ClassNotFoundException': org/jetbrains/plugins/gradle/model/ExternalProjectBeanInfo> (0x00000000d8abf3a8) thrown at [D:\src\AOSP-openjdk-cygwin\jdk8u\hotspot\src\share\vm\classfile\systemDictionary.cpp, line 210]
Event: 51.090 Thread 0x000000001a201800 Exception <a 'java/lang/ClassNotFoundException': org/jetbrains/plugins/gradle/model/ExternalProjectCustomizer> (0x00000000d8acdd18) thrown at [D:\src\AOSP-openjdk-cygwin\jdk8u\hotspot\src\share\vm\classfile\systemDictionary.cpp, line 210]
Event: 51.094 Thread 0x000000001a201800 Exception <a 'java/lang/ClassNotFoundException': org/jetbrains/plugins/gradle/model/ExternalProjectPreviewBeanInfo> (0x00000000d8b0b5b0) thrown at [D:\src\AOSP-openjdk-cygwin\jdk8u\hotspot\src\share\vm\classfile\systemDictionary.cpp, line 210]
Event: 51.095 Thread 0x000000001a201800 Exception <a 'java/lang/ClassNotFoundException': org/jetbrains/plugins/gradle/model/ExternalProjectPreviewCustomizer> (0x00000000d8b1b0b0) thrown at [D:\src\AOSP-openjdk-cygwin\jdk8u\hotspot\src\share\vm\classfile\systemDictionary.cpp, line 210]
Event: 51.099 Thread 0x000000001a201800 Exception <a 'java/lang/ClassNotFoundException': org/jetbrains/plugins/gradle/model/IntelliJProjectSettingsBeanInfo> (0x00000000d8b4d238) thrown at [D:\src\AOSP-openjdk-cygwin\jdk8u\hotspot\src\share\vm\classfile\systemDictionary.cpp, line 210]
Event: 51.100 Thread 0x000000001a201800 Exception <a 'java/lang/ClassNotFoundException': org/jetbrains/plugins/gradle/model/IntelliJProjectSettingsCustomizer> (0x00000000d8b5cd48) thrown at [D:\src\AOSP-openjdk-cygwin\jdk8u\hotspot\src\share\vm\classfile\systemDictionary.cpp, line 210]

Events (10 events):
Event: 51.472 loading class org/gradle/plugins/ide/idea/model/internal/IdeaDependenciesProvider$1
Event: 51.472 loading class org/gradle/plugins/ide/idea/model/internal/IdeaDependenciesProvider$1 done
Event: 51.473 loading class org/gradle/plugins/ide/idea/model/internal/GeneratedIdeaScope
Event: 51.473 loading class org/gradle/plugins/ide/idea/model/internal/GeneratedIdeaScope done
Event: 51.477 loading class org/gradle/api/internal/artifacts/query/DefaultArtifactResolutionQuery
Event: 51.477 loading class org/gradle/api/internal/artifacts/query/DefaultArtifactResolutionQuery done
Event: 51.480 loading class org/gradle/api/artifacts/result/ComponentArtifactsResult
Event: 51.480 loading class org/gradle/api/artifacts/result/ComponentArtifactsResult done
Event: 51.480 loading class org/gradle/api/artifacts/result/ComponentResult
Event: 51.480 loading class org/gradle/api/artifacts/result/ComponentResult done


Dynamic libraries:
0x00007ff7f7200000 - 0x00007ff7f7231000 	D:\ruanjian\andriod\jre\bin\java.exe
0x00007ffc33790000 - 0x00007ffc33971000 	C:\WINDOWS\SYSTEM32\ntdll.dll
0x00007ffc32a20000 - 0x00007ffc32ad1000 	C:\WINDOWS\System32\KERNEL32.DLL
0x00007ffc2fd60000 - 0x00007ffc2ffd3000 	C:\WINDOWS\System32\KERNELBASE.dll
0x00007ffc32ae0000 - 0x00007ffc32b81000 	C:\WINDOWS\System32\ADVAPI32.dll
0x00007ffc30d30000 - 0x00007ffc30dce000 	C:\WINDOWS\System32\msvcrt.dll
0x00007ffc30ca0000 - 0x00007ffc30cfb000 	C:\WINDOWS\System32\sechost.dll
0x00007ffc330e0000 - 0x00007ffc33204000 	C:\WINDOWS\System32\RPCRT4.dll
0x00007ffc327a0000 - 0x00007ffc32930000 	C:\WINDOWS\System32\USER32.dll
0x00007ffc30ad0000 - 0x00007ffc30af0000 	C:\WINDOWS\System32\win32u.dll
0x00007ffc30d00000 - 0x00007ffc30d28000 	C:\WINDOWS\System32\GDI32.dll
0x00007ffc306f0000 - 0x00007ffc30882000 	C:\WINDOWS\System32\gdi32full.dll
0x00007ffc2fc60000 - 0x00007ffc2fcff000 	C:\WINDOWS\System32\msvcp_win.dll
0x00007ffc2fb60000 - 0x00007ffc2fc58000 	C:\WINDOWS\System32\ucrtbase.dll
0x00007ffc1fd80000 - 0x00007ffc1ffe9000 	C:\WINDOWS\WinSxS\amd64_microsoft.windows.common-controls_6595b64144ccf1df_6.0.17134.753_none_fb40a13930672597\COMCTL32.dll
0x00007ffc30de0000 - 0x00007ffc31102000 	C:\WINDOWS\System32\combase.dll
0x00007ffc30af0000 - 0x00007ffc30b6a000 	C:\WINDOWS\System32\bcryptPrimitives.dll
0x00007ffc33710000 - 0x00007ffc3373d000 	C:\WINDOWS\System32\IMM32.DLL
0x0000000054c70000 - 0x0000000054d42000 	D:\ruanjian\andriod\jre\jre\bin\msvcr100.dll
0x0000000054e30000 - 0x000000005566f000 	D:\ruanjian\andriod\jre\jre\bin\server\jvm.dll
0x00007ffc330d0000 - 0x00007ffc330d8000 	C:\WINDOWS\System32\PSAPI.DLL
0x00007ffc22700000 - 0x00007ffc2270a000 	C:\WINDOWS\SYSTEM32\VERSION.dll
0x00007ffc2d370000 - 0x00007ffc2d393000 	C:\WINDOWS\SYSTEM32\WINMM.dll
0x00007ffc2d340000 - 0x00007ffc2d36a000 	C:\WINDOWS\SYSTEM32\winmmbase.dll
0x00007ffc30890000 - 0x00007ffc308d9000 	C:\WINDOWS\System32\cfgmgr32.dll
0x00007ffc2b2b0000 - 0x00007ffc2b2b9000 	C:\WINDOWS\SYSTEM32\WSOCK32.dll
0x00007ffc32b90000 - 0x00007ffc32bfc000 	C:\WINDOWS\System32\ws2_32.DLL
0x00007ffc2ae40000 - 0x00007ffc2ae4f000 	D:\ruanjian\andriod\jre\jre\bin\verify.dll
0x00007ffc21a50000 - 0x00007ffc21a79000 	D:\ruanjian\andriod\jre\jre\bin\java.dll
0x00007ffc26000000 - 0x00007ffc26016000 	D:\ruanjian\andriod\jre\jre\bin\zip.dll
0x00007ffc31120000 - 0x00007ffc32560000 	C:\WINDOWS\System32\SHELL32.dll
0x00007ffc33210000 - 0x00007ffc332b9000 	C:\WINDOWS\System32\shcore.dll
0x00007ffc2ffe0000 - 0x00007ffc306ed000 	C:\WINDOWS\System32\windows.storage.dll
0x00007ffc32c00000 - 0x00007ffc32c51000 	C:\WINDOWS\System32\shlwapi.dll
0x00007ffc2fb40000 - 0x00007ffc2fb51000 	C:\WINDOWS\System32\kernel.appcore.dll
0x00007ffc2fad0000 - 0x00007ffc2faef000 	C:\WINDOWS\System32\profapi.dll
0x00007ffc2faf0000 - 0x00007ffc2fb3c000 	C:\WINDOWS\System32\powrprof.dll
0x00007ffc2faa0000 - 0x00007ffc2faaa000 	C:\WINDOWS\System32\FLTLIB.DLL
0x00007ffc25fb0000 - 0x00007ffc25fca000 	D:\ruanjian\andriod\jre\jre\bin\net.dll
0x00007ffc2f2a0000 - 0x00007ffc2f306000 	C:\WINDOWS\system32\mswsock.dll
0x00007ffc21f00000 - 0x00007ffc21f11000 	D:\ruanjian\andriod\jre\jre\bin\nio.dll
0x00007ffc2b580000 - 0x00007ffc2b59e000 	F:\AndroidCache\.gradle\native\25\windows-amd64\native-platform.dll
0x00007ffc2c3b0000 - 0x00007ffc2c3bd000 	D:\ruanjian\andriod\jre\jre\bin\management.dll
0x00007ffc2f460000 - 0x00007ffc2f477000 	C:\WINDOWS\SYSTEM32\CRYPTSP.dll
0x00007ffc2ee80000 - 0x00007ffc2eeb3000 	C:\WINDOWS\system32\rsaenh.dll
0x00007ffc2f580000 - 0x00007ffc2f5a5000 	C:\WINDOWS\SYSTEM32\bcrypt.dll
0x00007ffc2f9d0000 - 0x00007ffc2f9f8000 	C:\WINDOWS\SYSTEM32\USERENV.dll
0x00007ffc2f450000 - 0x00007ffc2f45b000 	C:\WINDOWS\SYSTEM32\CRYPTBASE.dll
0x00007ffc2f020000 - 0x00007ffc2f058000 	C:\WINDOWS\SYSTEM32\IPHLPAPI.DLL
0x00007ffc30dd0000 - 0x00007ffc30dd8000 	C:\WINDOWS\System32\NSI.dll
0x00007ffc27970000 - 0x00007ffc27986000 	C:\WINDOWS\SYSTEM32\dhcpcsvc6.DLL
0x00007ffc27950000 - 0x00007ffc2796a000 	C:\WINDOWS\SYSTEM32\dhcpcsvc.DLL
0x00007ffc2db40000 - 0x00007ffc2dbcb000 	C:\WINDOWS\system32\apphelp.dll

VM Arguments:
jvm_args: -XX:MaxPermSize=512m -XX:+HeapDumpOnOutOfMemoryError -Xmx2048m -Dfile.encoding=UTF-8 -Duser.country=CN -Duser.language=zh -Duser.variant 
java_command: org.gradle.launcher.daemon.bootstrap.GradleDaemon 4.4
java_class_path (initial): F:\AndroidCache\.gradle\wrapper\dists\gradle-4.4-all\9br9xq1tocpiv8o6njlyu5op1\gradle-4.4\lib\gradle-launcher-4.4.jar
Launcher Type: SUN_STANDARD

Environment Variables:
JAVA_HOME=D:\ruanjian\javajdk
PATH=D:\ruanjian\AndriodSDK\cmake\3.6.4111459£»D:\ruanjian\ZBar\bin£»D:\ruanjian\AndriodSDK\cmake\3.6.4111459\bin£»D:\ruanjian\AndriodSDK\android-ndk-r14b\build\cmake;D:\ruanjian\vscode\Microsoft VS Code\bin;D:\ruanjian\nodejs;;C:\WINDOWS\system32;C:\WINDOWS;C:\WINDOWS\System32\Wbem;C:\WINDOWS\System32\WindowsPowerShell\v1.0\;C:\WINDOWS\System32\OpenSSH\;D:\ruanjian\AndriodSDK\cmake\3.6.4111459\bin;D:\ruanjian\ZBar\bin;D:\ruanjian\opencv3.2\build\x64\vc14\bin;C:\Users\vincy\AppData\Local\Microsoft\WindowsApps;C:\Users\vincy\Downloads\emgucv-windesktop 3.4.1.2976\bin;D:\ruanjian\cppan-master-Windows-client;D:\ruanjian\Tesseract-OCR;D:\ruanjian\pycharm\PyCharm 2018.3\bin;;D:\ruanjian\anaconda\Scripts;D:\ruanjian\javajdk\bin;D:\ruanjian\javajdk\jre\bin;D:\ruanjian\AndriodSDK\platforms\android-26\android.jar;
USERNAME=vincy
OS=Windows_NT
PROCESSOR_IDENTIFIER=Intel64 Family 6 Model 58 Stepping 9, GenuineIntel



---------------  S Y S T E M  ---------------

OS: Windows 10.0 , 64 bit Build 17134 (10.0.17134.753)

CPU:total 4 (initial active 4) (2 cores per cpu, 2 threads per core) family 6 model 58 stepping 9, cmov, cx8, fxsr, mmx, sse, sse2, sse3, ssse3, sse4.1, sse4.2, popcnt, avx, clmul, erms, ht, tsc, tscinvbit, tscinv

Memory: 4k page, physical 8179300k(929296k free), swap 8179300k(4500k free)

vm_info: OpenJDK 64-Bit Server VM (25.152-b02) for windows-amd64 JRE (1.8.0_152-release-1024-b02), built by "builder" with MS VC++ 10.0 (VS2010)

time: Tue May 14 14:52:57 2019
elapsed time: 51 seconds (0d 0h 0m 51s)

