#
# There is insufficient memory for the Java Runtime Environment to continue.
# Native memory allocation (malloc) failed to allocate 744176 bytes for Chunk::new
# Possible reasons:
#   The system is out of physical RAM or swap space
#   In 32 bit mode, the process size limit was hit
# Possible solutions:
#   Reduce memory load on the system
#   Increase physical memory or swap space
#   Check if swap backing store is full
#   Use 64 bit Java on a 64 bit OS
#   Decrease Java heap size (-Xmx/-Xms)
#   Decrease number of Java threads
#   Decrease Java thread stack sizes (-Xss)
#   Set larger code cache with -XX:ReservedCodeCacheSize=
# This output file may be truncated or incomplete.
#
#  Out of Memory Error (allocation.cpp:390), pid=13880, tid=0x00000000000029a4
#
# JRE version: OpenJDK Runtime Environment (8.0_152-b02) (build 1.8.0_152-release-1024-b02)
# Java VM: OpenJDK 64-Bit Server VM (25.152-b02 mixed mode windows-amd64 compressed oops)
# Failed to write core dump. Minidumps are not enabled by default on client versions of Windows
#

---------------  T H R E A D  ---------------

Current thread (0x0000000018e19000):  JavaThread "C2 CompilerThread1" daemon [_thread_in_native, id=10660, stack(0x0000000019510000,0x0000000019610000)]

Stack: [0x0000000019510000,0x0000000019610000]
[error occurred during error reporting (printing stack bounds), id 0xc0000005]

Native frames: (J=compiled Java code, j=interpreted, Vv=VM code, C=native code)


Current CompileTask:
C2:   6095 1429       4       java.net.URLClassLoader$1::run (5 bytes)


---------------  P R O C E S S  ---------------

Java Threads: ( => current thread )
  0x000000001d1a5800 
[error occurred during error reporting (printing all threads), id 0xc0000005]

VM state:at safepoint (normal execution)

VM Mutex/Monitor currently owned by a thread:  ([mutex/lock_event])
[0x00000000029ae1d0] Threads_lock - owner thread: 0x0000000017a05000
[0x00000000029ae3d0] Heap_lock - owner thread: 0x000000001a701000

Heap:
 PSYoungGen      total 37888K, used 5096K [0x00000000d5580000, 0x00000000d7f80000, 0x0000000100000000)
  eden space 32768K, 0% used [0x00000000d5580000,0x00000000d5580000,0x00000000d7580000)
  from space 5120K, 99% used [0x00000000d7a80000,0x00000000d7f7a040,0x00000000d7f80000)
  to   space 5120K, 0% used [0x00000000d7580000,0x00000000d7580000,0x00000000d7a80000)
 ParOldGen       total 86016K, used 3788K [0x0000000080000000, 0x0000000085400000, 0x00000000d5580000)
  object space 86016K, 4% used [0x0000000080000000,0x00000000803b3348,0x0000000085400000)
 Metaspace       used 15668K, capacity 15970K, committed 16128K, reserved 1062912K
  class space    used 2197K, capacity 2287K, committed 2304K, reserved 1048576K

Card table byte_map: [0x00000000121e0000,0x00000000125f0000] byte_map_base: 0x0000000011de0000

Marking Bits: (ParMarkBitMap*) 0x00000000555f4970
 Begin Bits: [0x0000000012ca0000, 0x0000000014ca0000)
 End Bits:   [0x0000000014ca0000, 0x0000000016ca0000)

Polling page: 0x0000000000f40000

CodeCache: size=245760Kb used=5169Kb max_used=5169Kb free=240590Kb
 bounds [0x0000000002e20000, 0x0000000003330000, 0x0000000011e20000]
 total_blobs=1917 nmethods=1542 adapters=288
 compilation: enabled

Compilation events (10 events):
Event: 5.935 Thread 0x0000000018e20800 1542       3       java.io.ByteArrayOutputStream::<init> (7 bytes)
Event: 5.935 Thread 0x0000000018e20800 nmethod 1542 0x000000000332bad0 code [0x000000000332bc40, 0x000000000332bdc8]
Event: 5.936 Thread 0x0000000018e20800 1543       1       sun.misc.ProxyGenerator::access$800 (5 bytes)
Event: 5.936 Thread 0x0000000018e20800 nmethod 1543 0x000000000332be50 code [0x000000000332bfa0, 0x000000000332c090]
Event: 5.938 Thread 0x0000000018e20800 1544       3       java.lang.Class::arrayContentsEq (70 bytes)
Event: 5.939 Thread 0x0000000018e20800 nmethod 1544 0x000000000332c110 code [0x000000000332c2a0, 0x000000000332c6d0]
Event: 5.940 Thread 0x0000000018e20800 1545       3       sun.misc.ProxyGenerator::access$700 (7 bytes)
Event: 5.941 Thread 0x0000000018e20800 nmethod 1545 0x000000000332c850 code [0x000000000332c9c0, 0x000000000332cba8]
Event: 5.958 Thread 0x0000000018e20800 1546       3       java.util.ArrayList::isEmpty (13 bytes)
Event: 5.958 Thread 0x0000000018e20800 nmethod 1546 0x000000000332ccd0 code [0x000000000332ce20, 0x000000000332cfd0]

GC Heap History (6 events):
Event: 1.560 GC heap before
{Heap before GC invocations=1 (full 0):
 PSYoungGen      total 37888K, used 32768K [0x00000000d5580000, 0x00000000d7f80000, 0x0000000100000000)
  eden space 32768K, 100% used [0x00000000d5580000,0x00000000d7580000,0x00000000d7580000)
  from space 5120K, 0% used [0x00000000d7a80000,0x00000000d7a80000,0x00000000d7f80000)
  to   space 5120K, 0% used [0x00000000d7580000,0x00000000d7580000,0x00000000d7a80000)
 ParOldGen       total 86016K, used 0K [0x0000000080000000, 0x0000000085400000, 0x00000000d5580000)
  object space 86016K, 0% used [0x0000000080000000,0x0000000080000000,0x0000000085400000)
 Metaspace       used 6950K, capacity 7192K, committed 7424K, reserved 1056768K
  class space    used 843K, capacity 909K, committed 1024K, reserved 1048576K
Event: 1.569 GC heap after
Heap after GC invocations=1 (full 0):
 PSYoungGen      total 37888K, used 4468K [0x00000000d5580000, 0x00000000d7f80000, 0x0000000100000000)
  eden space 32768K, 0% used [0x00000000d5580000,0x00000000d5580000,0x00000000d7580000)
  from space 5120K, 87% used [0x00000000d7580000,0x00000000d79dd308,0x00000000d7a80000)
  to   space 5120K, 0% used [0x00000000d7a80000,0x00000000d7a80000,0x00000000d7f80000)
 ParOldGen       total 86016K, used 8K [0x0000000080000000, 0x0000000085400000, 0x00000000d5580000)
  object space 86016K, 0% used [0x0000000080000000,0x0000000080002000,0x0000000085400000)
 Metaspace       used 6950K, capacity 7192K, committed 7424K, reserved 1056768K
  class space    used 843K, capacity 909K, committed 1024K, reserved 1048576K
}
Event: 4.725 GC heap before
{Heap before GC invocations=2 (full 0):
 PSYoungGen      total 37888K, used 37236K [0x00000000d5580000, 0x00000000d7f80000, 0x0000000100000000)
  eden space 32768K, 100% used [0x00000000d5580000,0x00000000d7580000,0x00000000d7580000)
  from space 5120K, 87% used [0x00000000d7580000,0x00000000d79dd308,0x00000000d7a80000)
  to   space 5120K, 0% used [0x00000000d7a80000,0x00000000d7a80000,0x00000000d7f80000)
 ParOldGen       total 86016K, used 8K [0x0000000080000000, 0x0000000085400000, 0x00000000d5580000)
  object space 86016K, 0% used [0x0000000080000000,0x0000000080002000,0x0000000085400000)
 Metaspace       used 10788K, capacity 11156K, committed 11264K, reserved 1058816K
  class space    used 1400K, capacity 1522K, committed 1536K, reserved 1048576K
Event: 4.739 GC heap after
Heap after GC invocations=2 (full 0):
 PSYoungGen      total 37888K, used 5109K [0x00000000d5580000, 0x00000000d7f80000, 0x0000000100000000)
  eden space 32768K, 0% used [0x00000000d5580000,0x00000000d5580000,0x00000000d7580000)
  from space 5120K, 99% used [0x00000000d7a80000,0x00000000d7f7d400,0x00000000d7f80000)
  to   space 5120K, 0% used [0x00000000d7580000,0x00000000d7580000,0x00000000d7a80000)
 ParOldGen       total 86016K, used 280K [0x0000000080000000, 0x0000000085400000, 0x00000000d5580000)
  object space 86016K, 0% used [0x0000000080000000,0x00000000800461c0,0x0000000085400000)
 Metaspace       used 10788K, capacity 11156K, committed 11264K, reserved 1058816K
  class space    used 1400K, capacity 1522K, committed 1536K, reserved 1048576K
}
Event: 5.536 GC heap before
{Heap before GC invocations=3 (full 0):
 PSYoungGen      total 37888K, used 37877K [0x00000000d5580000, 0x00000000d7f80000, 0x0000000100000000)
  eden space 32768K, 100% used [0x00000000d5580000,0x00000000d7580000,0x00000000d7580000)
  from space 5120K, 99% used [0x00000000d7a80000,0x00000000d7f7d400,0x00000000d7f80000)
  to   space 5120K, 0% used [0x00000000d7580000,0x00000000d7580000,0x00000000d7a80000)
 ParOldGen       total 86016K, used 280K [0x0000000080000000, 0x0000000085400000, 0x00000000d5580000)
  object space 86016K, 0% used [0x0000000080000000,0x00000000800461c0,0x0000000085400000)
 Metaspace       used 14197K, capacity 14562K, committed 14720K, reserved 1062912K
  class space    used 1963K, capacity 2095K, committed 2176K, reserved 1048576K
Event: 5.549 GC heap after
Heap after GC invocations=3 (full 0):
 PSYoungGen      total 37888K, used 5112K [0x00000000d5580000, 0x00000000d7f80000, 0x0000000100000000)
  eden space 32768K, 0% used [0x00000000d5580000,0x00000000d5580000,0x00000000d7580000)
  from space 5120K, 99% used [0x00000000d7580000,0x00000000d7a7e070,0x00000000d7a80000)
  to   space 5120K, 0% used [0x00000000d7a80000,0x00000000d7a80000,0x00000000d7f80000)
 ParOldGen       total 86016K, used 2340K [0x0000000080000000, 0x0000000085400000, 0x00000000d5580000)
  object space 86016K, 2% used [0x0000000080000000,0x0000000080249158,0x0000000085400000)
 Metaspace       used 14197K, capacity 14562K, committed 14720K, reserved 1062912K
  class space    used 1963K, capacity 2095K, committed 2176K, reserved 1048576K
}

Deoptimization events (10 events):
Event: 2.367 Thread 0x0000000002d22800 Uncommon trap: reason=unstable_if action=reinterpret pc=0x0000000002fafc98 method=sun.nio.cs.UTF_8$Encoder.encode([CII[B)I @ 33
Event: 2.919 Thread 0x0000000002d22800 Uncommon trap: reason=unstable_if action=reinterpret pc=0x00000000030fe9a4 method=java.io.WinNTFileSystem.normalize(Ljava/lang/String;)Ljava/lang/String; @ 128
Event: 2.919 Thread 0x0000000002d22800 Uncommon trap: reason=unstable_if action=reinterpret pc=0x0000000003141318 method=java.io.WinNTFileSystem.normalize(Ljava/lang/String;II)Ljava/lang/String; @ 90
Event: 4.851 Thread 0x000000001a6ff800 Uncommon trap: reason=unstable_if action=reinterpret pc=0x00000000031c2254 method=java.util.concurrent.ConcurrentHashMap.putVal(Ljava/lang/Object;Ljava/lang/Object;Z)Ljava/lang/Object; @ 206
Event: 5.038 Thread 0x000000001a701000 Uncommon trap: reason=bimorphic action=maybe_recompile pc=0x0000000003159c28 method=java.util.HashMap.putVal(ILjava/lang/Object;Ljava/lang/Object;ZZ)Ljava/lang/Object; @ 253
Event: 5.039 Thread 0x000000001a701000 Uncommon trap: reason=bimorphic action=maybe_recompile pc=0x0000000003159c28 method=java.util.HashMap.putVal(ILjava/lang/Object;Ljava/lang/Object;ZZ)Ljava/lang/Object; @ 253
Event: 5.071 Thread 0x000000001a701000 Uncommon trap: reason=class_check action=maybe_recompile pc=0x00000000030cda18 method=java.util.regex.Matcher.match(II)Z @ 86
Event: 5.492 Thread 0x000000001a701000 Uncommon trap: reason=class_check action=maybe_recompile pc=0x00000000030cda18 method=java.util.regex.Matcher.match(II)Z @ 86
Event: 5.493 Thread 0x000000001a701000 Uncommon trap: reason=class_check action=maybe_recompile pc=0x000000000309dedc method=java.util.regex.Matcher.match(II)Z @ 86
Event: 5.661 Thread 0x000000001a701000 Uncommon trap: reason=unstable_if action=reinterpret pc=0x00000000032bb174 method=java.lang.String.lastIndexOf([CII[CIII)I @ 66

Classes redefined (0 events):
No events

Internal exceptions (10 events):
Event: 4.884 Thread 0x000000001a6ff800 Exception <a 'java/lang/NoSuchMethodError': <clinit>> (0x00000000d5996f20) thrown at [D:\src\AOSP-openjdk-cygwin\jdk8u\hotspot\src\share\vm\prims\jni.cpp, line 1613]
Event: 4.888 Thread 0x000000001a6ff800 Exception <a 'java/lang/NoSuchMethodError': <clinit>> (0x00000000d59aea38) thrown at [D:\src\AOSP-openjdk-cygwin\jdk8u\hotspot\src\share\vm\prims\jni.cpp, line 1613]
Event: 4.889 Thread 0x000000001a6ff800 Exception <a 'java/lang/NoSuchMethodError': <clinit>> (0x00000000d59b7500) thrown at [D:\src\AOSP-openjdk-cygwin\jdk8u\hotspot\src\share\vm\prims\jni.cpp, line 1613]
Event: 4.892 Thread 0x000000001a6ff800 Exception <a 'java/lang/NoSuchMethodError': <clinit>> (0x00000000d59c8b80) thrown at [D:\src\AOSP-openjdk-cygwin\jdk8u\hotspot\src\share\vm\prims\jni.cpp, line 1613]
Event: 4.957 Thread 0x000000001a6ff800 Exception <a 'java/lang/NoSuchMethodError': <clinit>> (0x00000000d5a34e90) thrown at [D:\src\AOSP-openjdk-cygwin\jdk8u\hotspot\src\share\vm\prims\jni.cpp, line 1613]
Event: 4.964 Thread 0x000000001a6ff800 Exception <a 'java/lang/NoSuchMethodError': <clinit>> (0x00000000d5a587f0) thrown at [D:\src\AOSP-openjdk-cygwin\jdk8u\hotspot\src\share\vm\prims\jni.cpp, line 1613]
Event: 4.971 Thread 0x000000001a6ff800 Exception <a 'java/lang/NoSuchMethodError': <clinit>> (0x00000000d5a73708) thrown at [D:\src\AOSP-openjdk-cygwin\jdk8u\hotspot\src\share\vm\prims\jni.cpp, line 1613]
Event: 4.986 Thread 0x000000001a6ff800 Exception <a 'java/lang/NoSuchMethodError': <clinit>> (0x00000000d5a97a50) thrown at [D:\src\AOSP-openjdk-cygwin\jdk8u\hotspot\src\share\vm\prims\jni.cpp, line 1613]
Event: 5.019 Thread 0x000000001a701000 Exception <a 'java/lang/NoSuchMethodError': <clinit>> (0x00000000d5b84050) thrown at [D:\src\AOSP-openjdk-cygwin\jdk8u\hotspot\src\share\vm\prims\jni.cpp, line 1613]
Event: 5.020 Thread 0x000000001a701000 Exception <a 'java/lang/NoSuchMethodError': <clinit>> (0x00000000d5b8c2d8) thrown at [D:\src\AOSP-openjdk-cygwin\jdk8u\hotspot\src\share\vm\prims\jni.cpp, line 1613]

Events (10 events):
Event: 5.995 loading class org/gradle/api/provider/Provider
Event: 5.995 loading class org/gradle/api/provider/Provider done
Event: 5.995 loading class org/gradle/api/internal/provider/ProviderInternal
Event: 5.995 loading class org/gradle/api/internal/provider/ProviderInternal done
Event: 5.997 loading class org/gradle/model/internal/asm/AsmClassGenerator
Event: 5.997 loading class org/gradle/model/internal/asm/AsmClassGenerator done
Event: 5.998 loading class org/objectweb/asm/ModuleVisitor
Event: 5.998 loading class org/objectweb/asm/ModuleVisitor done
Event: 5.999 loading class org/objectweb/asm/ModuleWriter
Event: 5.999 loading class org/objectweb/asm/ModuleWriter done


Dynamic libraries:
0x00007ff7f7200000 - 0x00007ff7f7231000 	D:\ruanjian\andriod\jre\bin\java.exe
0x00007ffc33790000 - 0x00007ffc33971000 	C:\WINDOWS\SYSTEM32\ntdll.dll
0x00007ffc32a20000 - 0x00007ffc32ad1000 	C:\WINDOWS\System32\KERNEL32.DLL
0x00007ffc2fd60000 - 0x00007ffc2ffd3000 	C:\WINDOWS\System32\KERNELBASE.dll
0x00007ffc32ae0000 - 0x00007ffc32b81000 	C:\WINDOWS\System32\ADVAPI32.dll
0x00007ffc30d30000 - 0x00007ffc30dce000 	C:\WINDOWS\System32\msvcrt.dll
0x00007ffc30ca0000 - 0x00007ffc30cfb000 	C:\WINDOWS\System32\sechost.dll
0x00007ffc330e0000 - 0x00007ffc33204000 	C:\WINDOWS\System32\RPCRT4.dll
0x00007ffc327a0000 - 0x00007ffc32930000 	C:\WINDOWS\System32\USER32.dll
0x00007ffc30ad0000 - 0x00007ffc30af0000 	C:\WINDOWS\System32\win32u.dll
0x00007ffc30d00000 - 0x00007ffc30d28000 	C:\WINDOWS\System32\GDI32.dll
0x00007ffc306f0000 - 0x00007ffc30882000 	C:\WINDOWS\System32\gdi32full.dll
0x00007ffc2fc60000 - 0x00007ffc2fcff000 	C:\WINDOWS\System32\msvcp_win.dll
0x00007ffc2fb60000 - 0x00007ffc2fc58000 	C:\WINDOWS\System32\ucrtbase.dll
0x00007ffc1fd80000 - 0x00007ffc1ffe9000 	C:\WINDOWS\WinSxS\amd64_microsoft.windows.common-controls_6595b64144ccf1df_6.0.17134.753_none_fb40a13930672597\COMCTL32.dll
0x00007ffc30de0000 - 0x00007ffc31102000 	C:\WINDOWS\System32\combase.dll
0x00007ffc30af0000 - 0x00007ffc30b6a000 	C:\WINDOWS\System32\bcryptPrimitives.dll
0x00007ffc33710000 - 0x00007ffc3373d000 	C:\WINDOWS\System32\IMM32.DLL
0x0000000054c70000 - 0x0000000054d42000 	D:\ruanjian\andriod\jre\jre\bin\msvcr100.dll
0x0000000054e30000 - 0x000000005566f000 	D:\ruanjian\andriod\jre\jre\bin\server\jvm.dll
0x00007ffc330d0000 - 0x00007ffc330d8000 	C:\WINDOWS\System32\PSAPI.DLL
0x00007ffc2b2b0000 - 0x00007ffc2b2b9000 	C:\WINDOWS\SYSTEM32\WSOCK32.dll
0x00007ffc2d370000 - 0x00007ffc2d393000 	C:\WINDOWS\SYSTEM32\WINMM.dll
0x00007ffc32b90000 - 0x00007ffc32bfc000 	C:\WINDOWS\System32\WS2_32.dll
0x00007ffc2d340000 - 0x00007ffc2d36a000 	C:\WINDOWS\SYSTEM32\winmmbase.dll
0x00007ffc30890000 - 0x00007ffc308d9000 	C:\WINDOWS\System32\cfgmgr32.dll
0x00007ffc22700000 - 0x00007ffc2270a000 	C:\WINDOWS\SYSTEM32\VERSION.dll
0x00007ffc2ae40000 - 0x00007ffc2ae4f000 	D:\ruanjian\andriod\jre\jre\bin\verify.dll
0x00007ffc21a50000 - 0x00007ffc21a79000 	D:\ruanjian\andriod\jre\jre\bin\java.dll
0x00007ffc26000000 - 0x00007ffc26016000 	D:\ruanjian\andriod\jre\jre\bin\zip.dll
0x00007ffc31120000 - 0x00007ffc32560000 	C:\WINDOWS\System32\SHELL32.dll
0x00007ffc33210000 - 0x00007ffc332b9000 	C:\WINDOWS\System32\shcore.dll
0x00007ffc2ffe0000 - 0x00007ffc306ed000 	C:\WINDOWS\System32\windows.storage.dll
0x00007ffc32c00000 - 0x00007ffc32c51000 	C:\WINDOWS\System32\shlwapi.dll
0x00007ffc2fb40000 - 0x00007ffc2fb51000 	C:\WINDOWS\System32\kernel.appcore.dll
0x00007ffc2fad0000 - 0x00007ffc2faef000 	C:\WINDOWS\System32\profapi.dll
0x00007ffc2faf0000 - 0x00007ffc2fb3c000 	C:\WINDOWS\System32\powrprof.dll
0x00007ffc2faa0000 - 0x00007ffc2faaa000 	C:\WINDOWS\System32\FLTLIB.DLL
0x00007ffc25fb0000 - 0x00007ffc25fca000 	D:\ruanjian\andriod\jre\jre\bin\net.dll
0x00007ffc2f2a0000 - 0x00007ffc2f306000 	C:\WINDOWS\system32\mswsock.dll
0x00007ffc21f00000 - 0x00007ffc21f11000 	D:\ruanjian\andriod\jre\jre\bin\nio.dll
0x00007ffc2b580000 - 0x00007ffc2b59e000 	F:\AndroidCache\.gradle\native\25\windows-amd64\native-platform.dll
0x00007ffc2c3b0000 - 0x00007ffc2c3bd000 	D:\ruanjian\andriod\jre\jre\bin\management.dll
0x00007ffc2f460000 - 0x00007ffc2f477000 	C:\WINDOWS\SYSTEM32\CRYPTSP.dll
0x00007ffc2ee80000 - 0x00007ffc2eeb3000 	C:\WINDOWS\system32\rsaenh.dll
0x00007ffc2f580000 - 0x00007ffc2f5a5000 	C:\WINDOWS\SYSTEM32\bcrypt.dll
0x00007ffc2f9d0000 - 0x00007ffc2f9f8000 	C:\WINDOWS\SYSTEM32\USERENV.dll
0x00007ffc2f450000 - 0x00007ffc2f45b000 	C:\WINDOWS\SYSTEM32\CRYPTBASE.dll
0x00007ffc2f020000 - 0x00007ffc2f058000 	C:\WINDOWS\SYSTEM32\IPHLPAPI.DLL
0x00007ffc30dd0000 - 0x00007ffc30dd8000 	C:\WINDOWS\System32\NSI.dll
0x00007ffc27970000 - 0x00007ffc27986000 	C:\WINDOWS\SYSTEM32\dhcpcsvc6.DLL
0x00007ffc27950000 - 0x00007ffc2796a000 	C:\WINDOWS\SYSTEM32\dhcpcsvc.DLL

VM Arguments:
jvm_args: -XX:MaxPermSize=512m -XX:+HeapDumpOnOutOfMemoryError -Xmx2048m -Dfile.encoding=UTF-8 -Duser.country=CN -Duser.language=zh -Duser.variant 
java_command: org.gradle.launcher.daemon.bootstrap.GradleDaemon 4.4
java_class_path (initial): F:\AndroidCache\.gradle\wrapper\dists\gradle-4.4-all\9br9xq1tocpiv8o6njlyu5op1\gradle-4.4\lib\gradle-launcher-4.4.jar
Launcher Type: SUN_STANDARD

Environment Variables:
JAVA_HOME=D:\ruanjian\javajdk
PATH=D:\ruanjian\AndriodSDK\cmake\3.6.4111459£»D:\ruanjian\ZBar\bin£»D:\ruanjian\AndriodSDK\cmake\3.6.4111459\bin£»D:\ruanjian\AndriodSDK\android-ndk-r14b\build\cmake;D:\ruanjian\vscode\Microsoft VS Code\bin;D:\ruanjian\nodejs;;C:\WINDOWS\system32;C:\WINDOWS;C:\WINDOWS\System32\Wbem;C:\WINDOWS\System32\WindowsPowerShell\v1.0\;C:\WINDOWS\System32\OpenSSH\;D:\ruanjian\AndriodSDK\cmake\3.6.4111459\bin;D:\ruanjian\ZBar\bin;D:\ruanjian\opencv3.2\build\x64\vc14\bin;C:\Users\vincy\AppData\Local\Microsoft\WindowsApps;C:\Users\vincy\Downloads\emgucv-windesktop 3.4.1.2976\bin;D:\ruanjian\cppan-master-Windows-client;D:\ruanjian\Tesseract-OCR;D:\ruanjian\pycharm\PyCharm 2018.3\bin;;D:\ruanjian\anaconda\Scripts;D:\ruanjian\javajdk\bin;D:\ruanjian\javajdk\jre\bin;D:\ruanjian\AndriodSDK\platforms\android-26\android.jar;
USERNAME=vincy
OS=Windows_NT
PROCESSOR_IDENTIFIER=Intel64 Family 6 Model 58 Stepping 9, GenuineIntel



---------------  S Y S T E M  ---------------

OS: Windows 10.0 , 64 bit Build 17134 (10.0.17134.753)

CPU:total 4 (initial active 4) (2 cores per cpu, 2 threads per core) family 6 model 58 stepping 9, cmov, cx8, fxsr, mmx, sse, sse2, sse3, ssse3, sse4.1, sse4.2, popcnt, avx, clmul, erms, ht, tsc, tscinvbit, tscinv

Memory: 4k page, physical 8179300k(904016k free), swap 8179300k(2724k free)

vm_info: OpenJDK 64-Bit Server VM (25.152-b02) for windows-amd64 JRE (1.8.0_152-release-1024-b02), built by "builder" with MS VC++ 10.0 (VS2010)

time: Tue May 14 14:55:19 2019
elapsed time: 6 seconds (0d 0h 0m 6s)

