#
# There is insufficient memory for the Java Runtime Environment to continue.
# Native memory allocation (malloc) failed to allocate 813696 bytes for Chunk::new
# Possible reasons:
#   The system is out of physical RAM or swap space
#   In 32 bit mode, the process size limit was hit
# Possible solutions:
#   Reduce memory load on the system
#   Increase physical memory or swap space
#   Check if swap backing store is full
#   Use 64 bit Java on a 64 bit OS
#   Decrease Java heap size (-Xmx/-Xms)
#   Decrease number of Java threads
#   Decrease Java thread stack sizes (-Xss)
#   Set larger code cache with -XX:ReservedCodeCacheSize=
# This output file may be truncated or incomplete.
#
#  Out of Memory Error (allocation.cpp:390), pid=536, tid=0x0000000000003134
#
# JRE version: OpenJDK Runtime Environment (8.0_152-b02) (build 1.8.0_152-release-1024-b02)
# Java VM: OpenJDK 64-Bit Server VM (25.152-b02 mixed mode windows-amd64 compressed oops)
# Failed to write core dump. Minidumps are not enabled by default on client versions of Windows
#

---------------  T H R E A D  ---------------

Current thread (0x0000000018fd9000):  JavaThread "C2 CompilerThread1" daemon [_thread_in_native, id=12596, stack(0x00000000196d0000,0x00000000197d0000)]

Stack: [0x00000000196d0000,0x00000000197d0000]
[error occurred during error reporting (printing stack bounds), id 0xc0000005]

Native frames: (J=compiled Java code, j=interpreted, Vv=VM code, C=native code)


Current CompileTask:
C2:   4854 1409       4       java.net.URLClassLoader$1::run (5 bytes)


---------------  P R O C E S S  ---------------

Java Threads: ( => current thread )
  0x000000001af96000 JavaThread "File lock request listener" [_thread_in_native, id=13868, stack(0x000000001c270000,0x000000001c370000)]
  0x000000001ae95000 JavaThread "Cache worker for file hash cache (F:\AndroidCache\.gradle\caches\4.4\fileHashes)" [_thread_blocked, id=19328, stack(0x000000001c170000,0x000000001c270000)]
  0x000000001ac01800 JavaThread "Stdin handler" [_thread_blocked, id=14184, stack(0x000000001be70000,0x000000001bf70000)]
  0x000000001abe9800 JavaThread "Asynchronous log dispatcher for DefaultDaemonConnection: socket connection from /127.0.0.1:51367 to /127.0.0.1:51368" [_thread_blocked, id=18416, stack(0x000000001bd70000,0x000000001be70000)]
  0x000000001abe6000 JavaThread "Daemon worker" [_thread_in_vm, id=1560, stack(0x000000001bc70000,0x000000001bd70000)]
  0x000000001abbb800 JavaThread "Cancel handler" [_thread_blocked, id=2976, stack(0x000000001bb70000,0x000000001bc70000)]
  0x000000001ab8d800 JavaThread "Handler for socket connection from /127.0.0.1:51367 to /127.0.0.1:51368" [_thread_in_native, id=12832, stack(0x000000001b870000,0x000000001b970000)]
  0x000000001ab85800 JavaThread "Daemon" [_thread_blocked, id=18356, stack(0x000000001b770000,0x000000001b870000)]
  0x00000000192e9000 JavaThread "Daemon periodic checks" [_thread_blocked, id=4048, stack(0x000000001b670000,0x000000001b770000)]
  0x000000001ab52000 JavaThread "Incoming local TCP Connector on port 51367" [_thread_in_native, id=3020, stack(0x000000001b4c0000,0x000000001b5c0000)]
  0x0000000019053000 JavaThread "Service Thread" daemon [_thread_blocked, id=752, stack(0x00000000198d0000,0x00000000199d0000)]
  0x0000000018fe0800 JavaThread "C1 CompilerThread2" daemon [_thread_blocked, id=6788, stack(0x00000000197d0000,0x00000000198d0000)]
=>0x0000000018fd9000 JavaThread "C2 CompilerThread1" daemon [_thread_in_native, id=12596, stack(0x00000000196d0000,0x00000000197d0000)]
  0x0000000017c1f000 JavaThread "C2 CompilerThread0" daemon [_thread_blocked, id=14140, stack(0x00000000195d0000,0x00000000196d0000)]
  0x0000000017c1e800 JavaThread "Attach Listener" daemon [_thread_blocked, id=17124, stack(0x00000000194d0000,0x00000000195d0000)]
  0x0000000018fd8800 JavaThread "Signal Dispatcher" daemon [_thread_blocked, id=11608, stack(0x00000000193d0000,0x00000000194d0000)]
  0x0000000017bf8000 JavaThread "Finalizer" daemon [_thread_blocked, id=1692, stack(0x0000000018e70000,0x0000000018f70000)]
  0x0000000002fe4000 JavaThread "Reference Handler" daemon [_thread_blocked, id=5128, stack(0x0000000018d70000,0x0000000018e70000)]
  0x0000000002ef2800 JavaThread "main" [_thread_blocked, id=5036, stack(0x0000000002aa0000,0x0000000002ba0000)]

Other Threads:
  0x0000000017bd5000 VMThread [stack: 0x0000000018c70000,0x0000000018d70000] [id=17264]
  0x000000001905c000 WatcherThread [stack: 0x00000000199d0000,0x0000000019ad0000] [id=15676]

VM state:not at safepoint (normal execution)

VM Mutex/Monitor currently owned by a thread: None

Heap:
 PSYoungGen      total 37888K, used 9775K [0x00000000d5580000, 0x00000000d7f80000, 0x0000000100000000)
  eden space 32768K, 14% used [0x00000000d5580000,0x00000000d5a12df0,0x00000000d7580000)
  from space 5120K, 99% used [0x00000000d7580000,0x00000000d7a791f8,0x00000000d7a80000)
  to   space 5120K, 0% used [0x00000000d7a80000,0x00000000d7a80000,0x00000000d7f80000)
 ParOldGen       total 86016K, used 2416K [0x0000000080000000, 0x0000000085400000, 0x00000000d5580000)
  object space 86016K, 2% used [0x0000000080000000,0x000000008025c290,0x0000000085400000)
 Metaspace       used 14634K, capacity 15074K, committed 15232K, reserved 1062912K
  class space    used 2035K, capacity 2159K, committed 2176K, reserved 1048576K

Card table byte_map: [0x00000000123b0000,0x00000000127c0000] byte_map_base: 0x0000000011fb0000

Marking Bits: (ParMarkBitMap*) 0x00000000555f4970
 Begin Bits: [0x0000000012e70000, 0x0000000014e70000)
 End Bits:   [0x0000000014e70000, 0x0000000016e70000)

Polling page: 0x0000000002a20000

CodeCache: size=245760Kb used=4891Kb max_used=4891Kb free=240868Kb
 bounds [0x0000000002ff0000, 0x00000000034c0000, 0x0000000011ff0000]
 total_blobs=1789 nmethods=1418 adapters=284
 compilation: enabled

Compilation events (10 events):
Event: 4.827 Thread 0x0000000018fe0800 1415   !   3       org.gradle.internal.service.DefaultServiceRegistry$DefaultLookupContext::find (72 bytes)
Event: 4.828 Thread 0x0000000018fe0800 nmethod 1415 0x00000000034b4fd0 code [0x00000000034b5260, 0x00000000034b6328]
Event: 4.837 Thread 0x0000000018fe0800 1416       3       sun.reflect.ReflectionFactory::checkInitted (19 bytes)
Event: 4.837 Thread 0x0000000018fe0800 nmethod 1416 0x00000000034b6e10 code [0x00000000034b6f80, 0x00000000034b7248]
Event: 4.838 Thread 0x0000000018fe0800 1417       3       org.gradle.internal.service.DefaultServiceRegistry$DefaultLookupContext$4::apply (13 bytes)
Event: 4.838 Thread 0x0000000018fe0800 nmethod 1417 0x00000000034b7610 code [0x00000000034b77a0, 0x00000000034b7ca8]
Event: 4.838 Thread 0x0000000018fe0800 1419       3       org.gradle.internal.service.DefaultServiceRegistry$CompositeProvider::getService (71 bytes)
Event: 4.839 Thread 0x0000000018fe0800 nmethod 1419 0x00000000034b7e10 code [0x00000000034b7fe0, 0x00000000034b8588]
Event: 4.839 Thread 0x0000000018fe0800 1418       3       org.gradle.internal.service.DefaultServiceRegistry$DefaultLookupContext$4::apply (12 bytes)
Event: 4.839 Thread 0x0000000018fe0800 nmethod 1418 0x00000000034b8890 code [0x00000000034b8a00, 0x00000000034b8c28]

GC Heap History (6 events):
Event: 1.251 GC heap before
{Heap before GC invocations=1 (full 0):
 PSYoungGen      total 37888K, used 32768K [0x00000000d5580000, 0x00000000d7f80000, 0x0000000100000000)
  eden space 32768K, 100% used [0x00000000d5580000,0x00000000d7580000,0x00000000d7580000)
  from space 5120K, 0% used [0x00000000d7a80000,0x00000000d7a80000,0x00000000d7f80000)
  to   space 5120K, 0% used [0x00000000d7580000,0x00000000d7580000,0x00000000d7a80000)
 ParOldGen       total 86016K, used 0K [0x0000000080000000, 0x0000000085400000, 0x00000000d5580000)
  object space 86016K, 0% used [0x0000000080000000,0x0000000080000000,0x0000000085400000)
 Metaspace       used 6943K, capacity 7192K, committed 7424K, reserved 1056768K
  class space    used 843K, capacity 909K, committed 1024K, reserved 1048576K
Event: 1.263 GC heap after
Heap after GC invocations=1 (full 0):
 PSYoungGen      total 37888K, used 4496K [0x00000000d5580000, 0x00000000d7f80000, 0x0000000100000000)
  eden space 32768K, 0% used [0x00000000d5580000,0x00000000d5580000,0x00000000d7580000)
  from space 5120K, 87% used [0x00000000d7580000,0x00000000d79e42f8,0x00000000d7a80000)
  to   space 5120K, 0% used [0x00000000d7a80000,0x00000000d7a80000,0x00000000d7f80000)
 ParOldGen       total 86016K, used 8K [0x0000000080000000, 0x0000000085400000, 0x00000000d5580000)
  object space 86016K, 0% used [0x0000000080000000,0x0000000080002000,0x0000000085400000)
 Metaspace       used 6943K, capacity 7192K, committed 7424K, reserved 1056768K
  class space    used 843K, capacity 909K, committed 1024K, reserved 1048576K
}
Event: 4.097 GC heap before
{Heap before GC invocations=2 (full 0):
 PSYoungGen      total 37888K, used 37264K [0x00000000d5580000, 0x00000000d7f80000, 0x0000000100000000)
  eden space 32768K, 100% used [0x00000000d5580000,0x00000000d7580000,0x00000000d7580000)
  from space 5120K, 87% used [0x00000000d7580000,0x00000000d79e42f8,0x00000000d7a80000)
  to   space 5120K, 0% used [0x00000000d7a80000,0x00000000d7a80000,0x00000000d7f80000)
 ParOldGen       total 86016K, used 8K [0x0000000080000000, 0x0000000085400000, 0x00000000d5580000)
  object space 86016K, 0% used [0x0000000080000000,0x0000000080002000,0x0000000085400000)
 Metaspace       used 10752K, capacity 11092K, committed 11264K, reserved 1058816K
  class space    used 1398K, capacity 1522K, committed 1536K, reserved 1048576K
Event: 4.110 GC heap after
Heap after GC invocations=2 (full 0):
 PSYoungGen      total 37888K, used 5092K [0x00000000d5580000, 0x00000000d7f80000, 0x0000000100000000)
  eden space 32768K, 0% used [0x00000000d5580000,0x00000000d5580000,0x00000000d7580000)
  from space 5120K, 99% used [0x00000000d7a80000,0x00000000d7f793f0,0x00000000d7f80000)
  to   space 5120K, 0% used [0x00000000d7580000,0x00000000d7580000,0x00000000d7a80000)
 ParOldGen       total 86016K, used 304K [0x0000000080000000, 0x0000000085400000, 0x00000000d5580000)
  object space 86016K, 0% used [0x0000000080000000,0x000000008004c340,0x0000000085400000)
 Metaspace       used 10752K, capacity 11092K, committed 11264K, reserved 1058816K
  class space    used 1398K, capacity 1522K, committed 1536K, reserved 1048576K
}
Event: 4.745 GC heap before
{Heap before GC invocations=3 (full 0):
 PSYoungGen      total 37888K, used 37860K [0x00000000d5580000, 0x00000000d7f80000, 0x0000000100000000)
  eden space 32768K, 100% used [0x00000000d5580000,0x00000000d7580000,0x00000000d7580000)
  from space 5120K, 99% used [0x00000000d7a80000,0x00000000d7f793f0,0x00000000d7f80000)
  to   space 5120K, 0% used [0x00000000d7580000,0x00000000d7580000,0x00000000d7a80000)
 ParOldGen       total 86016K, used 304K [0x0000000080000000, 0x0000000085400000, 0x00000000d5580000)
  object space 86016K, 0% used [0x0000000080000000,0x000000008004c340,0x0000000085400000)
 Metaspace       used 14187K, capacity 14562K, committed 14720K, reserved 1062912K
  class space    used 1963K, capacity 2095K, committed 2176K, reserved 1048576K
Event: 4.755 GC heap after
Heap after GC invocations=3 (full 0):
 PSYoungGen      total 37888K, used 5092K [0x00000000d5580000, 0x00000000d7f80000, 0x0000000100000000)
  eden space 32768K, 0% used [0x00000000d5580000,0x00000000d5580000,0x00000000d7580000)
  from space 5120K, 99% used [0x00000000d7580000,0x00000000d7a791f8,0x00000000d7a80000)
  to   space 5120K, 0% used [0x00000000d7a80000,0x00000000d7a80000,0x00000000d7f80000)
 ParOldGen       total 86016K, used 2416K [0x0000000080000000, 0x0000000085400000, 0x00000000d5580000)
  object space 86016K, 2% used [0x0000000080000000,0x000000008025c290,0x0000000085400000)
 Metaspace       used 14187K, capacity 14562K, committed 14720K, reserved 1062912K
  class space    used 1963K, capacity 2095K, committed 2176K, reserved 1048576K
}

Deoptimization events (10 events):
Event: 1.867 Thread 0x0000000002ef2800 Uncommon trap: reason=bimorphic action=maybe_recompile pc=0x0000000003327c08 method=java.util.HashMap.putVal(ILjava/lang/Object;Ljava/lang/Object;ZZ)Ljava/lang/Object; @ 203
Event: 1.944 Thread 0x0000000002ef2800 Uncommon trap: reason=unstable_if action=reinterpret pc=0x000000000317f798 method=sun.nio.cs.UTF_8$Encoder.encode([CII[B)I @ 33
Event: 2.446 Thread 0x0000000002ef2800 Uncommon trap: reason=unstable_if action=reinterpret pc=0x00000000032cd460 method=java.io.WinNTFileSystem.normalize(Ljava/lang/String;)Ljava/lang/String; @ 128
Event: 2.446 Thread 0x0000000002ef2800 Uncommon trap: reason=unstable_if action=reinterpret pc=0x000000000330a7f0 method=java.io.WinNTFileSystem.normalize(Ljava/lang/String;II)Ljava/lang/String; @ 90
Event: 4.194 Thread 0x000000001ab8d800 Uncommon trap: reason=unstable_if action=reinterpret pc=0x0000000003388054 method=java.util.concurrent.ConcurrentHashMap.putVal(Ljava/lang/Object;Ljava/lang/Object;Z)Ljava/lang/Object; @ 206
Event: 4.311 Thread 0x000000001abe6000 Uncommon trap: reason=bimorphic action=maybe_recompile pc=0x0000000003327568 method=java.util.HashMap.putVal(ILjava/lang/Object;Ljava/lang/Object;ZZ)Ljava/lang/Object; @ 253
Event: 4.311 Thread 0x000000001abe6000 Uncommon trap: reason=bimorphic action=maybe_recompile pc=0x0000000003327568 method=java.util.HashMap.putVal(ILjava/lang/Object;Ljava/lang/Object;ZZ)Ljava/lang/Object; @ 253
Event: 4.331 Thread 0x000000001abe6000 Uncommon trap: reason=class_check action=maybe_recompile pc=0x0000000003266fdc method=java.util.regex.Matcher.match(II)Z @ 86
Event: 4.726 Thread 0x000000001abe6000 Uncommon trap: reason=class_check action=maybe_recompile pc=0x0000000003266fdc method=java.util.regex.Matcher.match(II)Z @ 86
Event: 4.839 Thread 0x000000001abe6000 Uncommon trap: reason=unstable_if action=reinterpret pc=0x000000000348f1b4 method=java.lang.String.lastIndexOf([CII[CIII)I @ 66

Classes redefined (0 events):
No events

Internal exceptions (10 events):
Event: 4.223 Thread 0x000000001ab8d800 Exception <a 'java/lang/NoSuchMethodError': <clinit>> (0x00000000d5996790) thrown at [D:\src\AOSP-openjdk-cygwin\jdk8u\hotspot\src\share\vm\prims\jni.cpp, line 1613]
Event: 4.227 Thread 0x000000001ab8d800 Exception <a 'java/lang/NoSuchMethodError': <clinit>> (0x00000000d59ae2a8) thrown at [D:\src\AOSP-openjdk-cygwin\jdk8u\hotspot\src\share\vm\prims\jni.cpp, line 1613]
Event: 4.229 Thread 0x000000001ab8d800 Exception <a 'java/lang/NoSuchMethodError': <clinit>> (0x00000000d59b6d70) thrown at [D:\src\AOSP-openjdk-cygwin\jdk8u\hotspot\src\share\vm\prims\jni.cpp, line 1613]
Event: 4.232 Thread 0x000000001ab8d800 Exception <a 'java/lang/NoSuchMethodError': <clinit>> (0x00000000d59c83f0) thrown at [D:\src\AOSP-openjdk-cygwin\jdk8u\hotspot\src\share\vm\prims\jni.cpp, line 1613]
Event: 4.252 Thread 0x000000001ab8d800 Exception <a 'java/lang/NoSuchMethodError': <clinit>> (0x00000000d5a34670) thrown at [D:\src\AOSP-openjdk-cygwin\jdk8u\hotspot\src\share\vm\prims\jni.cpp, line 1613]
Event: 4.257 Thread 0x000000001ab8d800 Exception <a 'java/lang/NoSuchMethodError': <clinit>> (0x00000000d5a57f30) thrown at [D:\src\AOSP-openjdk-cygwin\jdk8u\hotspot\src\share\vm\prims\jni.cpp, line 1613]
Event: 4.263 Thread 0x000000001ab8d800 Exception <a 'java/lang/NoSuchMethodError': <clinit>> (0x00000000d5a72e48) thrown at [D:\src\AOSP-openjdk-cygwin\jdk8u\hotspot\src\share\vm\prims\jni.cpp, line 1613]
Event: 4.269 Thread 0x000000001ab8d800 Exception <a 'java/lang/NoSuchMethodError': <clinit>> (0x00000000d5a97250) thrown at [D:\src\AOSP-openjdk-cygwin\jdk8u\hotspot\src\share\vm\prims\jni.cpp, line 1613]
Event: 4.297 Thread 0x000000001abe6000 Exception <a 'java/lang/NoSuchMethodError': <clinit>> (0x00000000d5b83810) thrown at [D:\src\AOSP-openjdk-cygwin\jdk8u\hotspot\src\share\vm\prims\jni.cpp, line 1613]
Event: 4.298 Thread 0x000000001abe6000 Exception <a 'java/lang/NoSuchMethodError': <clinit>> (0x00000000d5b8ba98) thrown at [D:\src\AOSP-openjdk-cygwin\jdk8u\hotspot\src\share\vm\prims\jni.cpp, line 1613]

Events (10 events):
Event: 4.847 loading class com/google/common/io/Closer
Event: 4.847 loading class com/google/common/io/Closer done
Event: 4.848 loading class com/google/common/io/Closer$SuppressingSuppressor
Event: 4.848 loading class com/google/common/io/Closer$SuppressingSuppressor done
Event: 4.848 loading class com/google/common/io/Closer$Suppressor
Event: 4.848 loading class com/google/common/io/Closer$Suppressor done
Event: 4.849 loading class com/google/common/io/Closer$LoggingSuppressor
Event: 4.849 loading class com/google/common/io/Closer$LoggingSuppressor done
Event: 4.849 loading class java/io/PrintWriter
Event: 4.849 loading class java/io/PrintWriter done


Dynamic libraries:
0x00007ff7f7200000 - 0x00007ff7f7231000 	D:\ruanjian\andriod\jre\bin\java.exe
0x00007ffc33790000 - 0x00007ffc33971000 	C:\WINDOWS\SYSTEM32\ntdll.dll
0x00007ffc32a20000 - 0x00007ffc32ad1000 	C:\WINDOWS\System32\KERNEL32.DLL
0x00007ffc2fd60000 - 0x00007ffc2ffd3000 	C:\WINDOWS\System32\KERNELBASE.dll
0x00007ffc32ae0000 - 0x00007ffc32b81000 	C:\WINDOWS\System32\ADVAPI32.dll
0x00007ffc30d30000 - 0x00007ffc30dce000 	C:\WINDOWS\System32\msvcrt.dll
0x00007ffc30ca0000 - 0x00007ffc30cfb000 	C:\WINDOWS\System32\sechost.dll
0x00007ffc330e0000 - 0x00007ffc33204000 	C:\WINDOWS\System32\RPCRT4.dll
0x00007ffc327a0000 - 0x00007ffc32930000 	C:\WINDOWS\System32\USER32.dll
0x00007ffc30ad0000 - 0x00007ffc30af0000 	C:\WINDOWS\System32\win32u.dll
0x00007ffc30d00000 - 0x00007ffc30d28000 	C:\WINDOWS\System32\GDI32.dll
0x00007ffc306f0000 - 0x00007ffc30882000 	C:\WINDOWS\System32\gdi32full.dll
0x00007ffc2fc60000 - 0x00007ffc2fcff000 	C:\WINDOWS\System32\msvcp_win.dll
0x00007ffc2fb60000 - 0x00007ffc2fc58000 	C:\WINDOWS\System32\ucrtbase.dll
0x00007ffc1fd80000 - 0x00007ffc1ffe9000 	C:\WINDOWS\WinSxS\amd64_microsoft.windows.common-controls_6595b64144ccf1df_6.0.17134.753_none_fb40a13930672597\COMCTL32.dll
0x00007ffc30de0000 - 0x00007ffc31102000 	C:\WINDOWS\System32\combase.dll
0x00007ffc30af0000 - 0x00007ffc30b6a000 	C:\WINDOWS\System32\bcryptPrimitives.dll
0x00007ffc33710000 - 0x00007ffc3373d000 	C:\WINDOWS\System32\IMM32.DLL
0x0000000054c70000 - 0x0000000054d42000 	D:\ruanjian\andriod\jre\jre\bin\msvcr100.dll
0x0000000054e30000 - 0x000000005566f000 	D:\ruanjian\andriod\jre\jre\bin\server\jvm.dll
0x00007ffc330d0000 - 0x00007ffc330d8000 	C:\WINDOWS\System32\PSAPI.DLL
0x00007ffc2d370000 - 0x00007ffc2d393000 	C:\WINDOWS\SYSTEM32\WINMM.dll
0x00007ffc2b2b0000 - 0x00007ffc2b2b9000 	C:\WINDOWS\SYSTEM32\WSOCK32.dll
0x00007ffc22700000 - 0x00007ffc2270a000 	C:\WINDOWS\SYSTEM32\VERSION.dll
0x00007ffc32b90000 - 0x00007ffc32bfc000 	C:\WINDOWS\System32\WS2_32.dll
0x00007ffc2d340000 - 0x00007ffc2d36a000 	C:\WINDOWS\SYSTEM32\winmmbase.dll
0x00007ffc30890000 - 0x00007ffc308d9000 	C:\WINDOWS\System32\cfgmgr32.dll
0x00007ffc2ae40000 - 0x00007ffc2ae4f000 	D:\ruanjian\andriod\jre\jre\bin\verify.dll
0x00007ffc21a50000 - 0x00007ffc21a79000 	D:\ruanjian\andriod\jre\jre\bin\java.dll
0x00007ffc26000000 - 0x00007ffc26016000 	D:\ruanjian\andriod\jre\jre\bin\zip.dll
0x00007ffc31120000 - 0x00007ffc32560000 	C:\WINDOWS\System32\SHELL32.dll
0x00007ffc33210000 - 0x00007ffc332b9000 	C:\WINDOWS\System32\shcore.dll
0x00007ffc2ffe0000 - 0x00007ffc306ed000 	C:\WINDOWS\System32\windows.storage.dll
0x00007ffc32c00000 - 0x00007ffc32c51000 	C:\WINDOWS\System32\shlwapi.dll
0x00007ffc2fb40000 - 0x00007ffc2fb51000 	C:\WINDOWS\System32\kernel.appcore.dll
0x00007ffc2fad0000 - 0x00007ffc2faef000 	C:\WINDOWS\System32\profapi.dll
0x00007ffc2faf0000 - 0x00007ffc2fb3c000 	C:\WINDOWS\System32\powrprof.dll
0x00007ffc2faa0000 - 0x00007ffc2faaa000 	C:\WINDOWS\System32\FLTLIB.DLL
0x00007ffc25fb0000 - 0x00007ffc25fca000 	D:\ruanjian\andriod\jre\jre\bin\net.dll
0x00007ffc2f2a0000 - 0x00007ffc2f306000 	C:\WINDOWS\system32\mswsock.dll
0x00007ffc21f00000 - 0x00007ffc21f11000 	D:\ruanjian\andriod\jre\jre\bin\nio.dll
0x00007ffc2b580000 - 0x00007ffc2b59e000 	F:\AndroidCache\.gradle\native\25\windows-amd64\native-platform.dll
0x00007ffc2c3b0000 - 0x00007ffc2c3bd000 	D:\ruanjian\andriod\jre\jre\bin\management.dll
0x00007ffc2f460000 - 0x00007ffc2f477000 	C:\WINDOWS\SYSTEM32\CRYPTSP.dll
0x00007ffc2ee80000 - 0x00007ffc2eeb3000 	C:\WINDOWS\system32\rsaenh.dll
0x00007ffc2f580000 - 0x00007ffc2f5a5000 	C:\WINDOWS\SYSTEM32\bcrypt.dll
0x00007ffc2f9d0000 - 0x00007ffc2f9f8000 	C:\WINDOWS\SYSTEM32\USERENV.dll
0x00007ffc2f450000 - 0x00007ffc2f45b000 	C:\WINDOWS\SYSTEM32\CRYPTBASE.dll
0x00007ffc2f020000 - 0x00007ffc2f058000 	C:\WINDOWS\SYSTEM32\IPHLPAPI.DLL
0x00007ffc30dd0000 - 0x00007ffc30dd8000 	C:\WINDOWS\System32\NSI.dll
0x00007ffc27970000 - 0x00007ffc27986000 	C:\WINDOWS\SYSTEM32\dhcpcsvc6.DLL
0x00007ffc27950000 - 0x00007ffc2796a000 	C:\WINDOWS\SYSTEM32\dhcpcsvc.DLL

VM Arguments:
jvm_args: -XX:MaxPermSize=512m -XX:+HeapDumpOnOutOfMemoryError -Xmx2048m -Dfile.encoding=UTF-8 -Duser.country=CN -Duser.language=zh -Duser.variant 
java_command: org.gradle.launcher.daemon.bootstrap.GradleDaemon 4.4
java_class_path (initial): F:\AndroidCache\.gradle\wrapper\dists\gradle-4.4-all\9br9xq1tocpiv8o6njlyu5op1\gradle-4.4\lib\gradle-launcher-4.4.jar
Launcher Type: SUN_STANDARD

Environment Variables:
JAVA_HOME=D:\ruanjian\javajdk
PATH=D:\ruanjian\AndriodSDK\cmake\3.6.4111459£»D:\ruanjian\ZBar\bin£»D:\ruanjian\AndriodSDK\cmake\3.6.4111459\bin£»D:\ruanjian\AndriodSDK\android-ndk-r14b\build\cmake;D:\ruanjian\vscode\Microsoft VS Code\bin;D:\ruanjian\nodejs;;C:\WINDOWS\system32;C:\WINDOWS;C:\WINDOWS\System32\Wbem;C:\WINDOWS\System32\WindowsPowerShell\v1.0\;C:\WINDOWS\System32\OpenSSH\;D:\ruanjian\AndriodSDK\cmake\3.6.4111459\bin;D:\ruanjian\ZBar\bin;D:\ruanjian\opencv3.2\build\x64\vc14\bin;C:\Users\vincy\AppData\Local\Microsoft\WindowsApps;C:\Users\vincy\Downloads\emgucv-windesktop 3.4.1.2976\bin;D:\ruanjian\cppan-master-Windows-client;D:\ruanjian\Tesseract-OCR;D:\ruanjian\pycharm\PyCharm 2018.3\bin;;D:\ruanjian\anaconda\Scripts;D:\ruanjian\javajdk\bin;D:\ruanjian\javajdk\jre\bin;D:\ruanjian\AndriodSDK\platforms\android-26\android.jar;
USERNAME=vincy
OS=Windows_NT
PROCESSOR_IDENTIFIER=Intel64 Family 6 Model 58 Stepping 9, GenuineIntel



---------------  S Y S T E M  ---------------

OS: Windows 10.0 , 64 bit Build 17134 (10.0.17134.753)

CPU:total 4 (initial active 4) (2 cores per cpu, 2 threads per core) family 6 model 58 stepping 9, cmov, cx8, fxsr, mmx, sse, sse2, sse3, ssse3, sse4.1, sse4.2, popcnt, avx, clmul, erms, ht, tsc, tscinvbit, tscinv

Memory: 4k page, physical 8179300k(889156k free), swap 8179300k(5132k free)

vm_info: OpenJDK 64-Bit Server VM (25.152-b02) for windows-amd64 JRE (1.8.0_152-release-1024-b02), built by "builder" with MS VC++ 10.0 (VS2010)

time: Tue May 14 14:59:11 2019
elapsed time: 4 seconds (0d 0h 0m 4s)

