#
# There is insufficient memory for the Java Runtime Environment to continue.
# Native memory allocation (malloc) failed to allocate 1307136 bytes for Chunk::new
# Possible reasons:
#   The system is out of physical RAM or swap space
#   In 32 bit mode, the process size limit was hit
# Possible solutions:
#   Reduce memory load on the system
#   Increase physical memory or swap space
#   Check if swap backing store is full
#   Use 64 bit Java on a 64 bit OS
#   Decrease Java heap size (-Xmx/-Xms)
#   Decrease number of Java threads
#   Decrease Java thread stack sizes (-Xss)
#   Set larger code cache with -XX:ReservedCodeCacheSize=
# This output file may be truncated or incomplete.
#
#  Out of Memory Error (allocation.cpp:390), pid=17488, tid=0x00000000000001f0
#
# JRE version: OpenJDK Runtime Environment (8.0_152-b02) (build 1.8.0_152-release-1024-b02)
# Java VM: OpenJDK 64-Bit Server VM (25.152-b02 mixed mode windows-amd64 compressed oops)
# Failed to write core dump. Minidumps are not enabled by default on client versions of Windows
#

---------------  T H R E A D  ---------------

Current thread (0x00000000182ec800):  JavaThread "C2 CompilerThread1" daemon [_thread_in_native, id=496, stack(0x0000000019d50000,0x0000000019e50000)]

Stack: [0x0000000019d50000,0x0000000019e50000]
[error occurred during error reporting (printing stack bounds), id 0xc0000005]

Native frames: (J=compiled Java code, j=interpreted, Vv=VM code, C=native code)


Current CompileTask:
C2:   5979 1533   !   4       java.net.URLClassLoader$1::run (63 bytes)


---------------  P R O C E S S  ---------------

Java Threads: ( => current thread )
  0x000000001b8f0000 JavaThread "Cache worker for file hash cache (D:\Andriod\RegionTextRecognization\.gradle\4.4\fileHashes)" [_thread_blocked, id=1440, stack(0x000000001d9c0000,0x000000001dac0000)]
  0x000000001b15b000 JavaThread "File lock request listener" [_thread_in_native, id=6680, stack(0x000000001c8f0000,0x000000001c9f0000)]
  0x000000001b336000 JavaThread "Cache worker for file hash cache (F:\AndroidCache\.gradle\caches\4.4\fileHashes)" [_thread_blocked, id=7528, stack(0x000000001c7f0000,0x000000001c8f0000)]
  0x000000001b2fd800 JavaThread "Stdin handler" [_thread_blocked, id=16660, stack(0x000000001c4f0000,0x000000001c5f0000)]
  0x000000001b2b0000 JavaThread "Asynchronous log dispatcher for DefaultDaemonConnection: socket connection from /127.0.0.1:51381 to /127.0.0.1:51382" [_thread_blocked, id=14032, stack(0x000000001c3f0000,0x000000001c4f0000)]
  0x000000001b02c800 JavaThread "Daemon worker" [_thread_in_vm, id=15208, stack(0x000000001c2f0000,0x000000001c3f0000)]
  0x000000001b1a3000 JavaThread "Cancel handler" [_thread_blocked, id=11740, stack(0x000000001c1f0000,0x000000001c2f0000)]
  0x000000001b018000 JavaThread "Handler for socket connection from /127.0.0.1:51381 to /127.0.0.1:51382" [_thread_in_native, id=13956, stack(0x000000001bef0000,0x000000001bff0000)]
  0x000000001b015800 JavaThread "Daemon" [_thread_blocked, id=9392, stack(0x000000001bdf0000,0x000000001bef0000)]
  0x000000001b2d5000 JavaThread "Daemon periodic checks" [_thread_blocked, id=15912, stack(0x000000001bcf0000,0x000000001bdf0000)]
  0x000000001b1bf800 JavaThread "Incoming local TCP Connector on port 51381" [_thread_in_native, id=18260, stack(0x000000001bb40000,0x000000001bc40000)]
  0x00000000196e2000 JavaThread "Service Thread" daemon [_thread_blocked, id=832, stack(0x0000000019f50000,0x000000001a050000)]
  0x0000000019664000 JavaThread "C1 CompilerThread2" daemon [_thread_blocked, id=9764, stack(0x0000000019e50000,0x0000000019f50000)]
=>0x00000000182ec800 JavaThread "C2 CompilerThread1" daemon [_thread_in_native, id=496, stack(0x0000000019d50000,0x0000000019e50000)]
  0x00000000182e9800 JavaThread "C2 CompilerThread0" daemon [_thread_in_native, id=16204, stack(0x0000000019c50000,0x0000000019d50000)]
  0x00000000182e8000 JavaThread "Attach Listener" daemon [_thread_blocked, id=9400, stack(0x0000000019b50000,0x0000000019c50000)]
  0x000000001829e000 JavaThread "Signal Dispatcher" daemon [_thread_blocked, id=12276, stack(0x0000000019a50000,0x0000000019b50000)]
  0x0000000003638800 JavaThread "Finalizer" daemon [_thread_blocked, id=1632, stack(0x00000000194e0000,0x00000000195e0000)]
  0x0000000003633000 JavaThread "Reference Handler" daemon [_thread_blocked, id=68, stack(0x00000000193e0000,0x00000000194e0000)]
  0x0000000003542800 JavaThread "main" [_thread_blocked, id=10084, stack(0x0000000003440000,0x0000000003540000)]

Other Threads:
  0x0000000018255000 VMThread [stack: 0x00000000192e0000,0x00000000193e0000] [id=14736]
  0x00000000196e2800 WatcherThread [stack: 0x000000001a050000,0x000000001a150000] [id=9548]

VM state:not at safepoint (normal execution)

VM Mutex/Monitor currently owned by a thread: None

Heap:
 PSYoungGen      total 37888K, used 20602K [0x00000000d5580000, 0x00000000d7f80000, 0x0000000100000000)
  eden space 32768K, 47% used [0x00000000d5580000,0x00000000d64a48b8,0x00000000d7580000)
  from space 5120K, 99% used [0x00000000d7580000,0x00000000d7a7a040,0x00000000d7a80000)
  to   space 5120K, 0% used [0x00000000d7a80000,0x00000000d7a80000,0x00000000d7f80000)
 ParOldGen       total 86016K, used 2362K [0x0000000080000000, 0x0000000085400000, 0x00000000d5580000)
  object space 86016K, 2% used [0x0000000080000000,0x000000008024ea38,0x0000000085400000)
 Metaspace       used 15757K, capacity 16162K, committed 16256K, reserved 1062912K
  class space    used 2216K, capacity 2351K, committed 2432K, reserved 1048576K

Card table byte_map: [0x0000000012a00000,0x0000000012e10000] byte_map_base: 0x0000000012600000

Marking Bits: (ParMarkBitMap*) 0x00000000555f4970
 Begin Bits: [0x00000000134c0000, 0x00000000154c0000)
 End Bits:   [0x00000000154c0000, 0x00000000174c0000)

Polling page: 0x00000000013d0000

CodeCache: size=245760Kb used=5193Kb max_used=5193Kb free=240566Kb
 bounds [0x0000000003640000, 0x0000000003b60000, 0x0000000012640000]
 total_blobs=1917 nmethods=1542 adapters=288
 compilation: enabled

Compilation events (10 events):
Event: 5.763 Thread 0x0000000019664000 1540       3       org.gradle.internal.service.DefaultServiceRegistry$DefaultLookupContext::getServiceProvider (45 bytes)
Event: 5.764 Thread 0x0000000019664000 nmethod 1540 0x0000000003b52e90 code [0x0000000003b53060, 0x0000000003b53738]
Event: 5.960 Thread 0x0000000019664000 1541       3       org.gradle.internal.service.DefaultServiceRegistry$ParentServices::wrap (10 bytes)
Event: 5.960 Thread 0x0000000019664000 nmethod 1541 0x0000000003b53950 code [0x0000000003b53ac0, 0x0000000003b53d50]
Event: 5.960 Thread 0x0000000019664000 1542       3       org.gradle.internal.service.DefaultServiceRegistry$ParentServices$1::<init> (15 bytes)
Event: 5.960 Thread 0x0000000019664000 nmethod 1542 0x0000000003b53e50 code [0x0000000003b53fa0, 0x0000000003b54170]
Event: 5.960 Thread 0x0000000019664000 1543       3       java.util.IdentityHashMap::maskNull (12 bytes)
Event: 5.961 Thread 0x0000000019664000 nmethod 1543 0x0000000003b54210 code [0x0000000003b54360, 0x0000000003b544f0]
Event: 5.961 Thread 0x0000000019664000 1544       3       org.gradle.internal.service.DefaultServiceRegistry$ParameterizedTypeSpec::isSatisfiedBy (9 bytes)
Event: 5.961 Thread 0x0000000019664000 nmethod 1544 0x0000000003b54550 code [0x0000000003b546c0, 0x0000000003b54968]

GC Heap History (6 events):
Event: 1.280 GC heap before
{Heap before GC invocations=1 (full 0):
 PSYoungGen      total 37888K, used 32768K [0x00000000d5580000, 0x00000000d7f80000, 0x0000000100000000)
  eden space 32768K, 100% used [0x00000000d5580000,0x00000000d7580000,0x00000000d7580000)
  from space 5120K, 0% used [0x00000000d7a80000,0x00000000d7a80000,0x00000000d7f80000)
  to   space 5120K, 0% used [0x00000000d7580000,0x00000000d7580000,0x00000000d7a80000)
 ParOldGen       total 86016K, used 0K [0x0000000080000000, 0x0000000085400000, 0x00000000d5580000)
  object space 86016K, 0% used [0x0000000080000000,0x0000000080000000,0x0000000085400000)
 Metaspace       used 6946K, capacity 7192K, committed 7424K, reserved 1056768K
  class space    used 843K, capacity 909K, committed 1024K, reserved 1048576K
Event: 1.291 GC heap after
Heap after GC invocations=1 (full 0):
 PSYoungGen      total 37888K, used 4437K [0x00000000d5580000, 0x00000000d7f80000, 0x0000000100000000)
  eden space 32768K, 0% used [0x00000000d5580000,0x00000000d5580000,0x00000000d7580000)
  from space 5120K, 86% used [0x00000000d7580000,0x00000000d79d5670,0x00000000d7a80000)
  to   space 5120K, 0% used [0x00000000d7a80000,0x00000000d7a80000,0x00000000d7f80000)
 ParOldGen       total 86016K, used 8K [0x0000000080000000, 0x0000000085400000, 0x00000000d5580000)
  object space 86016K, 0% used [0x0000000080000000,0x0000000080002000,0x0000000085400000)
 Metaspace       used 6946K, capacity 7192K, committed 7424K, reserved 1056768K
  class space    used 843K, capacity 909K, committed 1024K, reserved 1048576K
}
Event: 4.501 GC heap before
{Heap before GC invocations=2 (full 0):
 PSYoungGen      total 37888K, used 37205K [0x00000000d5580000, 0x00000000d7f80000, 0x0000000100000000)
  eden space 32768K, 100% used [0x00000000d5580000,0x00000000d7580000,0x00000000d7580000)
  from space 5120K, 86% used [0x00000000d7580000,0x00000000d79d5670,0x00000000d7a80000)
  to   space 5120K, 0% used [0x00000000d7a80000,0x00000000d7a80000,0x00000000d7f80000)
 ParOldGen       total 86016K, used 8K [0x0000000080000000, 0x0000000085400000, 0x00000000d5580000)
  object space 86016K, 0% used [0x0000000080000000,0x0000000080002000,0x0000000085400000)
 Metaspace       used 10715K, capacity 11028K, committed 11264K, reserved 1058816K
  class space    used 1398K, capacity 1522K, committed 1536K, reserved 1048576K
Event: 4.511 GC heap after
Heap after GC invocations=2 (full 0):
 PSYoungGen      total 37888K, used 5090K [0x00000000d5580000, 0x00000000d7f80000, 0x0000000100000000)
  eden space 32768K, 0% used [0x00000000d5580000,0x00000000d5580000,0x00000000d7580000)
  from space 5120K, 99% used [0x00000000d7a80000,0x00000000d7f78a70,0x00000000d7f80000)
  to   space 5120K, 0% used [0x00000000d7580000,0x00000000d7580000,0x00000000d7a80000)
 ParOldGen       total 86016K, used 288K [0x0000000080000000, 0x0000000085400000, 0x00000000d5580000)
  object space 86016K, 0% used [0x0000000080000000,0x00000000800481c0,0x0000000085400000)
 Metaspace       used 10715K, capacity 11028K, committed 11264K, reserved 1058816K
  class space    used 1398K, capacity 1522K, committed 1536K, reserved 1048576K
}
Event: 5.304 GC heap before
{Heap before GC invocations=3 (full 0):
 PSYoungGen      total 37888K, used 37858K [0x00000000d5580000, 0x00000000d7f80000, 0x0000000100000000)
  eden space 32768K, 100% used [0x00000000d5580000,0x00000000d7580000,0x00000000d7580000)
  from space 5120K, 99% used [0x00000000d7a80000,0x00000000d7f78a70,0x00000000d7f80000)
  to   space 5120K, 0% used [0x00000000d7580000,0x00000000d7580000,0x00000000d7a80000)
 ParOldGen       total 86016K, used 288K [0x0000000080000000, 0x0000000085400000, 0x00000000d5580000)
  object space 86016K, 0% used [0x0000000080000000,0x00000000800481c0,0x0000000085400000)
 Metaspace       used 14194K, capacity 14562K, committed 14720K, reserved 1062912K
  class space    used 1964K, capacity 2095K, committed 2176K, reserved 1048576K
Event: 5.315 GC heap after
Heap after GC invocations=3 (full 0):
 PSYoungGen      total 37888K, used 5096K [0x00000000d5580000, 0x00000000d7f80000, 0x0000000100000000)
  eden space 32768K, 0% used [0x00000000d5580000,0x00000000d5580000,0x00000000d7580000)
  from space 5120K, 99% used [0x00000000d7580000,0x00000000d7a7a040,0x00000000d7a80000)
  to   space 5120K, 0% used [0x00000000d7a80000,0x00000000d7a80000,0x00000000d7f80000)
 ParOldGen       total 86016K, used 2362K [0x0000000080000000, 0x0000000085400000, 0x00000000d5580000)
  object space 86016K, 2% used [0x0000000080000000,0x000000008024ea38,0x0000000085400000)
 Metaspace       used 14194K, capacity 14562K, committed 14720K, reserved 1062912K
  class space    used 1964K, capacity 2095K, committed 2176K, reserved 1048576K
}

Deoptimization events (10 events):
Event: 2.646 Thread 0x0000000003542800 Uncommon trap: reason=unstable_if action=reinterpret pc=0x00000000039088a0 method=java.io.WinNTFileSystem.normalize(Ljava/lang/String;)Ljava/lang/String; @ 128
Event: 2.646 Thread 0x0000000003542800 Uncommon trap: reason=unstable_if action=reinterpret pc=0x000000000395f5e4 method=java.io.WinNTFileSystem.normalize(Ljava/lang/String;II)Ljava/lang/String; @ 90
Event: 4.744 Thread 0x000000001b018000 Uncommon trap: reason=unstable_if action=reinterpret pc=0x00000000039dde54 method=java.util.concurrent.ConcurrentHashMap.putVal(Ljava/lang/Object;Ljava/lang/Object;Z)Ljava/lang/Object; @ 206
Event: 4.875 Thread 0x000000001b02c800 Uncommon trap: reason=bimorphic action=maybe_recompile pc=0x0000000003979f8c method=java.util.HashMap.putVal(ILjava/lang/Object;Ljava/lang/Object;ZZ)Ljava/lang/Object; @ 253
Event: 4.875 Thread 0x000000001b02c800 Uncommon trap: reason=bimorphic action=maybe_recompile pc=0x0000000003979f8c method=java.util.HashMap.putVal(ILjava/lang/Object;Ljava/lang/Object;ZZ)Ljava/lang/Object; @ 253
Event: 4.875 Thread 0x000000001b02c800 Uncommon trap: reason=bimorphic action=maybe_recompile pc=0x0000000003985ce8 method=java.util.HashMap.putVal(ILjava/lang/Object;Ljava/lang/Object;ZZ)Ljava/lang/Object; @ 253
Event: 4.899 Thread 0x000000001b02c800 Uncommon trap: reason=class_check action=maybe_recompile pc=0x00000000038e9598 method=java.util.regex.Matcher.match(II)Z @ 86
Event: 5.283 Thread 0x000000001b02c800 Uncommon trap: reason=class_check action=maybe_recompile pc=0x00000000038e9598 method=java.util.regex.Matcher.match(II)Z @ 86
Event: 5.284 Thread 0x000000001b02c800 Uncommon trap: reason=class_check action=maybe_recompile pc=0x00000000038bc21c method=java.util.regex.Matcher.match(II)Z @ 86
Event: 5.400 Thread 0x000000001b02c800 Uncommon trap: reason=unstable_if action=reinterpret pc=0x0000000003ae9cf4 method=java.lang.String.lastIndexOf([CII[CIII)I @ 66

Classes redefined (0 events):
No events

Internal exceptions (10 events):
Event: 4.774 Thread 0x000000001b018000 Exception <a 'java/lang/NoSuchMethodError': <clinit>> (0x00000000d5995f50) thrown at [D:\src\AOSP-openjdk-cygwin\jdk8u\hotspot\src\share\vm\prims\jni.cpp, line 1613]
Event: 4.778 Thread 0x000000001b018000 Exception <a 'java/lang/NoSuchMethodError': <clinit>> (0x00000000d59ada68) thrown at [D:\src\AOSP-openjdk-cygwin\jdk8u\hotspot\src\share\vm\prims\jni.cpp, line 1613]
Event: 4.779 Thread 0x000000001b018000 Exception <a 'java/lang/NoSuchMethodError': <clinit>> (0x00000000d59b6530) thrown at [D:\src\AOSP-openjdk-cygwin\jdk8u\hotspot\src\share\vm\prims\jni.cpp, line 1613]
Event: 4.782 Thread 0x000000001b018000 Exception <a 'java/lang/NoSuchMethodError': <clinit>> (0x00000000d59c7bb0) thrown at [D:\src\AOSP-openjdk-cygwin\jdk8u\hotspot\src\share\vm\prims\jni.cpp, line 1613]
Event: 4.804 Thread 0x000000001b018000 Exception <a 'java/lang/NoSuchMethodError': <clinit>> (0x00000000d5a33ec0) thrown at [D:\src\AOSP-openjdk-cygwin\jdk8u\hotspot\src\share\vm\prims\jni.cpp, line 1613]
Event: 4.810 Thread 0x000000001b018000 Exception <a 'java/lang/NoSuchMethodError': <clinit>> (0x00000000d5a57760) thrown at [D:\src\AOSP-openjdk-cygwin\jdk8u\hotspot\src\share\vm\prims\jni.cpp, line 1613]
Event: 4.818 Thread 0x000000001b018000 Exception <a 'java/lang/NoSuchMethodError': <clinit>> (0x00000000d5a72678) thrown at [D:\src\AOSP-openjdk-cygwin\jdk8u\hotspot\src\share\vm\prims\jni.cpp, line 1613]
Event: 4.824 Thread 0x000000001b018000 Exception <a 'java/lang/NoSuchMethodError': <clinit>> (0x00000000d5a96a80) thrown at [D:\src\AOSP-openjdk-cygwin\jdk8u\hotspot\src\share\vm\prims\jni.cpp, line 1613]
Event: 4.856 Thread 0x000000001b02c800 Exception <a 'java/lang/NoSuchMethodError': <clinit>> (0x00000000d5b83080) thrown at [D:\src\AOSP-openjdk-cygwin\jdk8u\hotspot\src\share\vm\prims\jni.cpp, line 1613]
Event: 4.858 Thread 0x000000001b02c800 Exception <a 'java/lang/NoSuchMethodError': <clinit>> (0x00000000d5b8b308) thrown at [D:\src\AOSP-openjdk-cygwin\jdk8u\hotspot\src\share\vm\prims\jni.cpp, line 1613]

Events (10 events):
Event: 5.947 loading class org/gradle/internal/resource/transport/sftp/LockableSftpClient
Event: 5.952 loading class org/gradle/internal/resource/transport/sftp/LockableSftpClient done
Event: 5.953 loading class com/jcraft/jsch/Logger
Event: 5.953 loading class com/jcraft/jsch/Logger done
Event: 5.954 loading class com/jcraft/jsch/HostKeyRepository
Event: 5.954 loading class com/jcraft/jsch/HostKeyRepository done
Event: 5.956 loading class org/gradle/internal/resource/transport/sftp/SftpConnectorFactory
Event: 5.956 loading class org/gradle/internal/resource/transport/sftp/SftpConnectorFactory done
Event: 5.961 loading class org/gradle/internal/resource/local/FileResourceConnector
Event: 5.961 loading class org/gradle/internal/resource/local/FileResourceConnector done


Dynamic libraries:
0x00007ff7f7200000 - 0x00007ff7f7231000 	D:\ruanjian\andriod\jre\bin\java.exe
0x00007ffc33790000 - 0x00007ffc33971000 	C:\WINDOWS\SYSTEM32\ntdll.dll
0x00007ffc32a20000 - 0x00007ffc32ad1000 	C:\WINDOWS\System32\KERNEL32.DLL
0x00007ffc2fd60000 - 0x00007ffc2ffd3000 	C:\WINDOWS\System32\KERNELBASE.dll
0x00007ffc32ae0000 - 0x00007ffc32b81000 	C:\WINDOWS\System32\ADVAPI32.dll
0x00007ffc30d30000 - 0x00007ffc30dce000 	C:\WINDOWS\System32\msvcrt.dll
0x00007ffc30ca0000 - 0x00007ffc30cfb000 	C:\WINDOWS\System32\sechost.dll
0x00007ffc330e0000 - 0x00007ffc33204000 	C:\WINDOWS\System32\RPCRT4.dll
0x00007ffc327a0000 - 0x00007ffc32930000 	C:\WINDOWS\System32\USER32.dll
0x00007ffc30ad0000 - 0x00007ffc30af0000 	C:\WINDOWS\System32\win32u.dll
0x00007ffc30d00000 - 0x00007ffc30d28000 	C:\WINDOWS\System32\GDI32.dll
0x00007ffc306f0000 - 0x00007ffc30882000 	C:\WINDOWS\System32\gdi32full.dll
0x00007ffc2fc60000 - 0x00007ffc2fcff000 	C:\WINDOWS\System32\msvcp_win.dll
0x00007ffc2fb60000 - 0x00007ffc2fc58000 	C:\WINDOWS\System32\ucrtbase.dll
0x00007ffc1fd80000 - 0x00007ffc1ffe9000 	C:\WINDOWS\WinSxS\amd64_microsoft.windows.common-controls_6595b64144ccf1df_6.0.17134.753_none_fb40a13930672597\COMCTL32.dll
0x00007ffc30de0000 - 0x00007ffc31102000 	C:\WINDOWS\System32\combase.dll
0x00007ffc30af0000 - 0x00007ffc30b6a000 	C:\WINDOWS\System32\bcryptPrimitives.dll
0x00007ffc33710000 - 0x00007ffc3373d000 	C:\WINDOWS\System32\IMM32.DLL
0x0000000054c70000 - 0x0000000054d42000 	D:\ruanjian\andriod\jre\jre\bin\msvcr100.dll
0x0000000054e30000 - 0x000000005566f000 	D:\ruanjian\andriod\jre\jre\bin\server\jvm.dll
0x00007ffc330d0000 - 0x00007ffc330d8000 	C:\WINDOWS\System32\PSAPI.DLL
0x00007ffc22700000 - 0x00007ffc2270a000 	C:\WINDOWS\SYSTEM32\VERSION.dll
0x00007ffc2b2b0000 - 0x00007ffc2b2b9000 	C:\WINDOWS\SYSTEM32\WSOCK32.dll
0x00007ffc2d370000 - 0x00007ffc2d393000 	C:\WINDOWS\SYSTEM32\WINMM.dll
0x00007ffc32b90000 - 0x00007ffc32bfc000 	C:\WINDOWS\System32\WS2_32.dll
0x00007ffc2d340000 - 0x00007ffc2d36a000 	C:\WINDOWS\SYSTEM32\winmmbase.dll
0x00007ffc30890000 - 0x00007ffc308d9000 	C:\WINDOWS\System32\cfgmgr32.dll
0x00007ffc2ae40000 - 0x00007ffc2ae4f000 	D:\ruanjian\andriod\jre\jre\bin\verify.dll
0x00007ffc21a50000 - 0x00007ffc21a79000 	D:\ruanjian\andriod\jre\jre\bin\java.dll
0x00007ffc26000000 - 0x00007ffc26016000 	D:\ruanjian\andriod\jre\jre\bin\zip.dll
0x00007ffc31120000 - 0x00007ffc32560000 	C:\WINDOWS\System32\SHELL32.dll
0x00007ffc33210000 - 0x00007ffc332b9000 	C:\WINDOWS\System32\shcore.dll
0x00007ffc2ffe0000 - 0x00007ffc306ed000 	C:\WINDOWS\System32\windows.storage.dll
0x00007ffc32c00000 - 0x00007ffc32c51000 	C:\WINDOWS\System32\shlwapi.dll
0x00007ffc2fb40000 - 0x00007ffc2fb51000 	C:\WINDOWS\System32\kernel.appcore.dll
0x00007ffc2fad0000 - 0x00007ffc2faef000 	C:\WINDOWS\System32\profapi.dll
0x00007ffc2faf0000 - 0x00007ffc2fb3c000 	C:\WINDOWS\System32\powrprof.dll
0x00007ffc2faa0000 - 0x00007ffc2faaa000 	C:\WINDOWS\System32\FLTLIB.DLL
0x00007ffc25fb0000 - 0x00007ffc25fca000 	D:\ruanjian\andriod\jre\jre\bin\net.dll
0x00007ffc2f2a0000 - 0x00007ffc2f306000 	C:\WINDOWS\system32\mswsock.dll
0x00007ffc21f00000 - 0x00007ffc21f11000 	D:\ruanjian\andriod\jre\jre\bin\nio.dll
0x00007ffc2b580000 - 0x00007ffc2b59e000 	F:\AndroidCache\.gradle\native\25\windows-amd64\native-platform.dll
0x00007ffc2c3b0000 - 0x00007ffc2c3bd000 	D:\ruanjian\andriod\jre\jre\bin\management.dll
0x00007ffc2f460000 - 0x00007ffc2f477000 	C:\WINDOWS\SYSTEM32\CRYPTSP.dll
0x00007ffc2ee80000 - 0x00007ffc2eeb3000 	C:\WINDOWS\system32\rsaenh.dll
0x00007ffc2f580000 - 0x00007ffc2f5a5000 	C:\WINDOWS\SYSTEM32\bcrypt.dll
0x00007ffc2f9d0000 - 0x00007ffc2f9f8000 	C:\WINDOWS\SYSTEM32\USERENV.dll
0x00007ffc2f450000 - 0x00007ffc2f45b000 	C:\WINDOWS\SYSTEM32\CRYPTBASE.dll
0x00007ffc2f020000 - 0x00007ffc2f058000 	C:\WINDOWS\SYSTEM32\IPHLPAPI.DLL
0x00007ffc30dd0000 - 0x00007ffc30dd8000 	C:\WINDOWS\System32\NSI.dll
0x00007ffc27970000 - 0x00007ffc27986000 	C:\WINDOWS\SYSTEM32\dhcpcsvc6.DLL
0x00007ffc27950000 - 0x00007ffc2796a000 	C:\WINDOWS\SYSTEM32\dhcpcsvc.DLL

VM Arguments:
jvm_args: -XX:MaxPermSize=512m -XX:+HeapDumpOnOutOfMemoryError -Xmx2048m -Dfile.encoding=UTF-8 -Duser.country=CN -Duser.language=zh -Duser.variant 
java_command: org.gradle.launcher.daemon.bootstrap.GradleDaemon 4.4
java_class_path (initial): F:\AndroidCache\.gradle\wrapper\dists\gradle-4.4-all\9br9xq1tocpiv8o6njlyu5op1\gradle-4.4\lib\gradle-launcher-4.4.jar
Launcher Type: SUN_STANDARD

Environment Variables:
JAVA_HOME=D:\ruanjian\javajdk
PATH=D:\ruanjian\AndriodSDK\cmake\3.6.4111459£»D:\ruanjian\ZBar\bin£»D:\ruanjian\AndriodSDK\cmake\3.6.4111459\bin£»D:\ruanjian\AndriodSDK\android-ndk-r14b\build\cmake;D:\ruanjian\vscode\Microsoft VS Code\bin;D:\ruanjian\nodejs;;C:\WINDOWS\system32;C:\WINDOWS;C:\WINDOWS\System32\Wbem;C:\WINDOWS\System32\WindowsPowerShell\v1.0\;C:\WINDOWS\System32\OpenSSH\;D:\ruanjian\AndriodSDK\cmake\3.6.4111459\bin;D:\ruanjian\ZBar\bin;D:\ruanjian\opencv3.2\build\x64\vc14\bin;C:\Users\vincy\AppData\Local\Microsoft\WindowsApps;C:\Users\vincy\Downloads\emgucv-windesktop 3.4.1.2976\bin;D:\ruanjian\cppan-master-Windows-client;D:\ruanjian\Tesseract-OCR;D:\ruanjian\pycharm\PyCharm 2018.3\bin;;D:\ruanjian\anaconda\Scripts;D:\ruanjian\javajdk\bin;D:\ruanjian\javajdk\jre\bin;D:\ruanjian\AndriodSDK\platforms\android-26\android.jar;
USERNAME=vincy
OS=Windows_NT
PROCESSOR_IDENTIFIER=Intel64 Family 6 Model 58 Stepping 9, GenuineIntel



---------------  S Y S T E M  ---------------

OS: Windows 10.0 , 64 bit Build 17134 (10.0.17134.753)

CPU:total 4 (initial active 4) (2 cores per cpu, 2 threads per core) family 6 model 58 stepping 9, cmov, cx8, fxsr, mmx, sse, sse2, sse3, ssse3, sse4.1, sse4.2, popcnt, avx, clmul, erms, ht, tsc, tscinvbit, tscinv

Memory: 4k page, physical 8179300k(849256k free), swap 8179300k(4320k free)

vm_info: OpenJDK 64-Bit Server VM (25.152-b02) for windows-amd64 JRE (1.8.0_152-release-1024-b02), built by "builder" with MS VC++ 10.0 (VS2010)

time: Tue May 14 15:00:04 2019
elapsed time: 6 seconds (0d 0h 0m 6s)

