#
# There is insufficient memory for the Java Runtime Environment to continue.
# Native memory allocation (malloc) failed to allocate 32744 bytes for ChunkPool::allocate
# Possible reasons:
#   The system is out of physical RAM or swap space
#   In 32 bit mode, the process size limit was hit
# Possible solutions:
#   Reduce memory load on the system
#   Increase physical memory or swap space
#   Check if swap backing store is full
#   Use 64 bit Java on a 64 bit OS
#   Decrease Java heap size (-Xmx/-Xms)
#   Decrease number of Java threads
#   Decrease Java thread stack sizes (-Xss)
#   Set larger code cache with -XX:ReservedCodeCacheSize=
# This output file may be truncated or incomplete.
#
#  Out of Memory Error (allocation.cpp:273), pid=10420, tid=0x0000000000004aec
#
# JRE version: OpenJDK Runtime Environment (8.0_152-b02) (build 1.8.0_152-release-1024-b02)
# Java VM: OpenJDK 64-Bit Server VM (25.152-b02 mixed mode windows-amd64 compressed oops)
# Failed to write core dump. Minidumps are not enabled by default on client versions of Windows
#

---------------  T H R E A D  ---------------

Current thread (0x00000000195f1800):  JavaThread "C1 CompilerThread2" daemon [_thread_in_vm, id=19180, stack(0x0000000019de0000,0x0000000019ee0000)]

Stack: [0x0000000019de0000,0x0000000019ee0000]
[error occurred during error reporting (printing stack bounds), id 0xc0000005]

Native frames: (J=compiled Java code, j=interpreted, Vv=VM code, C=native code)


Current CompileTask:
C1:   6140 1625       1       org.gradle.api.internal.AbstractClassGenerator$PropertyMetaData::getName (5 bytes)


---------------  P R O C E S S  ---------------

Java Threads: ( => current thread )
  0x000000001cd6f000 JavaThread "Cache worker for file hash cache (D:\Andriod\RegionTextRecognization\.gradle\4.4\fileHashes)" [_thread_blocked, id=14864, stack(0x000000001d930000,0x000000001da30000)]
  0x000000001b3fb000 JavaThread "File lock request listener" [_thread_in_native, id=17736, stack(0x000000001c860000,0x000000001c960000)]
  0x000000001b400800 JavaThread "Cache worker for file hash cache (F:\AndroidCache\.gradle\caches\4.4\fileHashes)" [_thread_blocked, id=17636, stack(0x000000001c760000,0x000000001c860000)]
  0x000000001b3fe000 JavaThread "Stdin handler" [_thread_blocked, id=4516, stack(0x000000001c460000,0x000000001c560000)]
  0x000000001b3fd800 JavaThread "Asynchronous log dispatcher for DefaultDaemonConnection: socket connection from /127.0.0.1:51127 to /127.0.0.1:51128" [_thread_blocked, id=17628, stack(0x000000001c360000,0x000000001c460000)]
  0x000000001b3fa800 JavaThread "Daemon worker" [_thread_in_Java, id=10476, stack(0x000000001c260000,0x000000001c360000)]
  0x000000001b3ff000 JavaThread "Cancel handler" [_thread_blocked, id=18816, stack(0x000000001c160000,0x000000001c260000)]
  0x000000001b3fc800 JavaThread "Handler for socket connection from /127.0.0.1:51127 to /127.0.0.1:51128" [_thread_in_native, id=18988, stack(0x000000001be60000,0x000000001bf60000)]
  0x000000001b401800 JavaThread "Daemon" [_thread_blocked, id=13540, stack(0x000000001bd60000,0x000000001be60000)]
  0x000000001b3fc000 JavaThread "Daemon periodic checks" [_thread_blocked, id=18980, stack(0x000000001bc60000,0x000000001bd60000)]
  0x000000001b400000 JavaThread "Incoming local TCP Connector on port 51127" [_thread_in_native, id=15688, stack(0x000000001bab0000,0x000000001bbb0000)]
  0x000000001963d000 JavaThread "Service Thread" daemon [_thread_blocked, id=8752, stack(0x0000000019ee0000,0x0000000019fe0000)]
=>0x00000000195f1800 JavaThread "C1 CompilerThread2" daemon [_thread_in_vm, id=19180, stack(0x0000000019de0000,0x0000000019ee0000)]
  0x000000001829c000 JavaThread "C2 CompilerThread1" daemon [_thread_in_native, id=10764, stack(0x0000000019ce0000,0x0000000019de0000)]
  0x000000001829a000 JavaThread "C2 CompilerThread0" daemon [_thread_in_native, id=16844, stack(0x0000000019be0000,0x0000000019ce0000)]
  0x000000001824f000 JavaThread "Attach Listener" daemon [_thread_blocked, id=16216, stack(0x0000000019ae0000,0x0000000019be0000)]
  0x00000000195e8800 JavaThread "Signal Dispatcher" daemon [_thread_blocked, id=3132, stack(0x00000000199e0000,0x0000000019ae0000)]
  0x000000000361e800 JavaThread "Finalizer" daemon [_thread_blocked, id=16424, stack(0x00000000194e0000,0x00000000195e0000)]
  0x0000000003613000 JavaThread "Reference Handler" daemon [_thread_blocked, id=11536, stack(0x00000000193e0000,0x00000000194e0000)]
  0x0000000003522800 JavaThread "main" [_thread_blocked, id=18948, stack(0x0000000003420000,0x0000000003520000)]

Other Threads:
  0x0000000018206000 VMThread [stack: 0x00000000192e0000,0x00000000193e0000] [id=10852]
  0x000000001963d800 WatcherThread [stack: 0x0000000019fe0000,0x000000001a0e0000] [id=15524]

VM state:not at safepoint (normal execution)

VM Mutex/Monitor currently owned by a thread: None

Heap:
 PSYoungGen      total 37888K, used 36372K [0x00000000d5580000, 0x00000000d7f80000, 0x0000000100000000)
  eden space 32768K, 95% used [0x00000000d5580000,0x00000000d740b128,0x00000000d7580000)
  from space 5120K, 99% used [0x00000000d7580000,0x00000000d7a7a040,0x00000000d7a80000)
  to   space 5120K, 0% used [0x00000000d7a80000,0x00000000d7a80000,0x00000000d7f80000)
 ParOldGen       total 86016K, used 2454K [0x0000000080000000, 0x0000000085400000, 0x00000000d5580000)
  object space 86016K, 2% used [0x0000000080000000,0x00000000802658d0,0x0000000085400000)
 Metaspace       used 17085K, capacity 17462K, committed 17792K, reserved 1064960K
  class space    used 2437K, capacity 2573K, committed 2688K, reserved 1048576K

Card table byte_map: [0x00000000129e0000,0x0000000012df0000] byte_map_base: 0x00000000125e0000

Marking Bits: (ParMarkBitMap*) 0x00000000555f4970
 Begin Bits: [0x00000000134a0000, 0x00000000154a0000)
 End Bits:   [0x00000000154a0000, 0x00000000174a0000)

Polling page: 0x00000000013d0000

CodeCache: size=245760Kb used=5383Kb max_used=5383Kb free=240376Kb
 bounds [0x0000000003620000, 0x0000000003b70000, 0x0000000012620000]
 total_blobs=1996 nmethods=1619 adapters=290
 compilation: enabled

Compilation events (10 events):
Event: 6.126 Thread 0x00000000195f1800 nmethod 1620 0x0000000003b636d0 code [0x0000000003b63840, 0x0000000003b63a38]
Event: 6.127 Thread 0x00000000195f1800 1621       3       java.lang.Boolean::valueOf (14 bytes)
Event: 6.127 Thread 0x00000000195f1800 nmethod 1621 0x0000000003b63b50 code [0x0000000003b63ca0, 0x0000000003b63e30]
Event: 6.130 Thread 0x00000000195f1800 1622       3       org.objectweb.asm.Frame::pop (53 bytes)
Event: 6.131 Thread 0x00000000195f1800 nmethod 1622 0x0000000003b63e90 code [0x0000000003b64060, 0x0000000003b645a8]
Event: 6.131 Thread 0x00000000195f1800 1623       3       org.objectweb.asm.ClassWriter::newClass (9 bytes)
Event: 6.132 Thread 0x00000000195f1800 nmethod 1623 0x0000000003b64810 code [0x0000000003b64980, 0x0000000003b64b28]
Event: 6.132 Thread 0x00000000195f1800 1624       3       java.lang.reflect.Executable::getGenericParameterTypes (20 bytes)
Event: 6.133 Thread 0x00000000195f1800 nmethod 1624 0x0000000003b64c10 code [0x0000000003b64da0, 0x0000000003b65218]
Event: 6.134 Thread 0x00000000195f1800 1625       1       org.gradle.api.internal.AbstractClassGenerator$PropertyMetaData::getName (5 bytes)

GC Heap History (6 events):
Event: 1.539 GC heap before
{Heap before GC invocations=1 (full 0):
 PSYoungGen      total 37888K, used 32768K [0x00000000d5580000, 0x00000000d7f80000, 0x0000000100000000)
  eden space 32768K, 100% used [0x00000000d5580000,0x00000000d7580000,0x00000000d7580000)
  from space 5120K, 0% used [0x00000000d7a80000,0x00000000d7a80000,0x00000000d7f80000)
  to   space 5120K, 0% used [0x00000000d7580000,0x00000000d7580000,0x00000000d7a80000)
 ParOldGen       total 86016K, used 0K [0x0000000080000000, 0x0000000085400000, 0x00000000d5580000)
  object space 86016K, 0% used [0x0000000080000000,0x0000000080000000,0x0000000085400000)
 Metaspace       used 6952K, capacity 7192K, committed 7424K, reserved 1056768K
  class space    used 844K, capacity 909K, committed 1024K, reserved 1048576K
Event: 1.548 GC heap after
Heap after GC invocations=1 (full 0):
 PSYoungGen      total 37888K, used 4494K [0x00000000d5580000, 0x00000000d7f80000, 0x0000000100000000)
  eden space 32768K, 0% used [0x00000000d5580000,0x00000000d5580000,0x00000000d7580000)
  from space 5120K, 87% used [0x00000000d7580000,0x00000000d79e3ab0,0x00000000d7a80000)
  to   space 5120K, 0% used [0x00000000d7a80000,0x00000000d7a80000,0x00000000d7f80000)
 ParOldGen       total 86016K, used 8K [0x0000000080000000, 0x0000000085400000, 0x00000000d5580000)
  object space 86016K, 0% used [0x0000000080000000,0x0000000080002000,0x0000000085400000)
 Metaspace       used 6952K, capacity 7192K, committed 7424K, reserved 1056768K
  class space    used 844K, capacity 909K, committed 1024K, reserved 1048576K
}
Event: 4.520 GC heap before
{Heap before GC invocations=2 (full 0):
 PSYoungGen      total 37888K, used 37262K [0x00000000d5580000, 0x00000000d7f80000, 0x0000000100000000)
  eden space 32768K, 100% used [0x00000000d5580000,0x00000000d7580000,0x00000000d7580000)
  from space 5120K, 87% used [0x00000000d7580000,0x00000000d79e3ab0,0x00000000d7a80000)
  to   space 5120K, 0% used [0x00000000d7a80000,0x00000000d7a80000,0x00000000d7f80000)
 ParOldGen       total 86016K, used 8K [0x0000000080000000, 0x0000000085400000, 0x00000000d5580000)
  object space 86016K, 0% used [0x0000000080000000,0x0000000080002000,0x0000000085400000)
 Metaspace       used 10792K, capacity 11156K, committed 11264K, reserved 1058816K
  class space    used 1400K, capacity 1522K, committed 1536K, reserved 1048576K
Event: 4.531 GC heap after
Heap after GC invocations=2 (full 0):
 PSYoungGen      total 37888K, used 5090K [0x00000000d5580000, 0x00000000d7f80000, 0x0000000100000000)
  eden space 32768K, 0% used [0x00000000d5580000,0x00000000d5580000,0x00000000d7580000)
  from space 5120K, 99% used [0x00000000d7a80000,0x00000000d7f78a70,0x00000000d7f80000)
  to   space 5120K, 0% used [0x00000000d7580000,0x00000000d7580000,0x00000000d7a80000)
 ParOldGen       total 86016K, used 298K [0x0000000080000000, 0x0000000085400000, 0x00000000d5580000)
  object space 86016K, 0% used [0x0000000080000000,0x000000008004ab70,0x0000000085400000)
 Metaspace       used 10792K, capacity 11156K, committed 11264K, reserved 1058816K
  class space    used 1400K, capacity 1522K, committed 1536K, reserved 1048576K
}
Event: 5.120 GC heap before
{Heap before GC invocations=3 (full 0):
 PSYoungGen      total 37888K, used 37858K [0x00000000d5580000, 0x00000000d7f80000, 0x0000000100000000)
  eden space 32768K, 100% used [0x00000000d5580000,0x00000000d7580000,0x00000000d7580000)
  from space 5120K, 99% used [0x00000000d7a80000,0x00000000d7f78a70,0x00000000d7f80000)
  to   space 5120K, 0% used [0x00000000d7580000,0x00000000d7580000,0x00000000d7a80000)
 ParOldGen       total 86016K, used 298K [0x0000000080000000, 0x0000000085400000, 0x00000000d5580000)
  object space 86016K, 0% used [0x0000000080000000,0x000000008004ab70,0x0000000085400000)
 Metaspace       used 14184K, capacity 14520K, committed 14720K, reserved 1062912K
  class space    used 1961K, capacity 2088K, committed 2176K, reserved 1048576K
Event: 5.131 GC heap after
Heap after GC invocations=3 (full 0):
 PSYoungGen      total 37888K, used 5096K [0x00000000d5580000, 0x00000000d7f80000, 0x0000000100000000)
  eden space 32768K, 0% used [0x00000000d5580000,0x00000000d5580000,0x00000000d7580000)
  from space 5120K, 99% used [0x00000000d7580000,0x00000000d7a7a040,0x00000000d7a80000)
  to   space 5120K, 0% used [0x00000000d7a80000,0x00000000d7a80000,0x00000000d7f80000)
 ParOldGen       total 86016K, used 2454K [0x0000000080000000, 0x0000000085400000, 0x00000000d5580000)
  object space 86016K, 2% used [0x0000000080000000,0x00000000802658d0,0x0000000085400000)
 Metaspace       used 14184K, capacity 14520K, committed 14720K, reserved 1062912K
  class space    used 1961K, capacity 2088K, committed 2176K, reserved 1048576K
}

Deoptimization events (10 events):
Event: 2.818 Thread 0x0000000003522800 Uncommon trap: reason=unstable_if action=reinterpret pc=0x000000000390e4b0 method=java.io.WinNTFileSystem.normalize(Ljava/lang/String;)Ljava/lang/String; @ 128
Event: 2.818 Thread 0x0000000003522800 Uncommon trap: reason=unstable_if action=reinterpret pc=0x000000000393d2b0 method=java.io.WinNTFileSystem.normalize(Ljava/lang/String;II)Ljava/lang/String; @ 90
Event: 4.609 Thread 0x000000001b3fc800 Uncommon trap: reason=unstable_if action=reinterpret pc=0x00000000039bb614 method=java.util.concurrent.ConcurrentHashMap.putVal(Ljava/lang/Object;Ljava/lang/Object;Z)Ljava/lang/Object; @ 206
Event: 4.708 Thread 0x000000001b3fa800 Uncommon trap: reason=bimorphic action=maybe_recompile pc=0x000000000395f4e8 method=java.util.HashMap.putVal(ILjava/lang/Object;Ljava/lang/Object;ZZ)Ljava/lang/Object; @ 253
Event: 4.708 Thread 0x000000001b3fa800 Uncommon trap: reason=bimorphic action=maybe_recompile pc=0x000000000395f4e8 method=java.util.HashMap.putVal(ILjava/lang/Object;Ljava/lang/Object;ZZ)Ljava/lang/Object; @ 253
Event: 4.732 Thread 0x000000001b3fa800 Uncommon trap: reason=class_check action=maybe_recompile pc=0x00000000038cec04 method=java.util.regex.Matcher.match(II)Z @ 86
Event: 5.094 Thread 0x000000001b3fa800 Uncommon trap: reason=class_check action=maybe_recompile pc=0x00000000038cec04 method=java.util.regex.Matcher.match(II)Z @ 86
Event: 5.094 Thread 0x000000001b3fa800 Uncommon trap: reason=class_check action=maybe_recompile pc=0x000000000389ca1c method=java.util.regex.Matcher.match(II)Z @ 86
Event: 5.212 Thread 0x000000001b3fa800 Uncommon trap: reason=unstable_if action=reinterpret pc=0x0000000003ab1ab4 method=java.lang.String.lastIndexOf([CII[CIII)I @ 66
Event: 5.963 Thread 0x000000001b3fa800 Uncommon trap: reason=unstable_if action=reinterpret pc=0x00000000038be498 method=java.io.File.getName()Ljava/lang/String; @ 16

Classes redefined (0 events):
No events

Internal exceptions (10 events):
Event: 4.644 Thread 0x000000001b3fc800 Exception <a 'java/lang/NoSuchMethodError': <clinit>> (0x00000000d59edd40) thrown at [D:\src\AOSP-openjdk-cygwin\jdk8u\hotspot\src\share\vm\prims\jni.cpp, line 1613]
Event: 4.655 Thread 0x000000001b3fc800 Exception <a 'java/lang/NoSuchMethodError': <clinit>> (0x00000000d5a23a88) thrown at [D:\src\AOSP-openjdk-cygwin\jdk8u\hotspot\src\share\vm\prims\jni.cpp, line 1613]
Event: 4.659 Thread 0x000000001b3fc800 Exception <a 'java/lang/NoSuchMethodError': <clinit>> (0x00000000d5a316b8) thrown at [D:\src\AOSP-openjdk-cygwin\jdk8u\hotspot\src\share\vm\prims\jni.cpp, line 1613]
Event: 4.667 Thread 0x000000001b3fc800 Exception <a 'java/lang/NoSuchMethodError': <clinit>> (0x00000000d5a55d68) thrown at [D:\src\AOSP-openjdk-cygwin\jdk8u\hotspot\src\share\vm\prims\jni.cpp, line 1613]
Event: 4.692 Thread 0x000000001b3fa800 Exception <a 'java/lang/NoSuchMethodError': <clinit>> (0x00000000d5b31e90) thrown at [D:\src\AOSP-openjdk-cygwin\jdk8u\hotspot\src\share\vm\prims\jni.cpp, line 1613]
Event: 4.693 Thread 0x000000001b3fa800 Exception <a 'java/lang/NoSuchMethodError': <clinit>> (0x00000000d5b3a118) thrown at [D:\src\AOSP-openjdk-cygwin\jdk8u\hotspot\src\share\vm\prims\jni.cpp, line 1613]
Event: 5.997 Thread 0x000000001b3fa800 Exception <a 'java/lang/NoSuchMethodError': <clinit>> (0x00000000d7054d88) thrown at [D:\src\AOSP-openjdk-cygwin\jdk8u\hotspot\src\share\vm\prims\jni.cpp, line 1613]
Event: 5.998 Thread 0x000000001b3fa800 Exception <a 'java/lang/NoSuchMethodError': <clinit>> (0x00000000d7057728) thrown at [D:\src\AOSP-openjdk-cygwin\jdk8u\hotspot\src\share\vm\prims\jni.cpp, line 1613]
Event: 6.000 Thread 0x000000001b3fa800 Exception <a 'java/lang/NoSuchMethodError': <clinit>> (0x00000000d7064d70) thrown at [D:\src\AOSP-openjdk-cygwin\jdk8u\hotspot\src\share\vm\prims\jni.cpp, line 1613]
Event: 6.002 Thread 0x000000001b3fa800 Exception <a 'java/lang/NoSuchMethodError': <clinit>> (0x00000000d70704f0) thrown at [D:\src\AOSP-openjdk-cygwin\jdk8u\hotspot\src\share\vm\prims\jni.cpp, line 1613]

Events (10 events):
Event: 6.111 loading class org/gradle/initialization/DefaultSettings
Event: 6.111 loading class org/gradle/initialization/DefaultSettings done
Event: 6.113 loading class org/gradle/api/initialization/ProjectDescriptor
Event: 6.113 loading class org/gradle/api/initialization/ProjectDescriptor done
Event: 6.114 loading class org/gradle/initialization/DefaultProjectDescriptor
Event: 6.114 loading class org/gradle/initialization/DefaultProjectDescriptor done
Event: 6.115 loading class org/gradle/plugin/management/PluginManagementSpec
Event: 6.115 loading class org/gradle/plugin/management/PluginManagementSpec done
Event: 6.115 loading class org/gradle/initialization/ProjectDescriptorRegistry
Event: 6.115 loading class org/gradle/initialization/ProjectDescriptorRegistry done


Dynamic libraries:
0x00007ff7f7200000 - 0x00007ff7f7231000 	D:\ruanjian\andriod\jre\bin\java.exe
0x00007ffc33790000 - 0x00007ffc33971000 	C:\WINDOWS\SYSTEM32\ntdll.dll
0x00007ffc32a20000 - 0x00007ffc32ad1000 	C:\WINDOWS\System32\KERNEL32.DLL
0x00007ffc2fd60000 - 0x00007ffc2ffd3000 	C:\WINDOWS\System32\KERNELBASE.dll
0x00007ffc32ae0000 - 0x00007ffc32b81000 	C:\WINDOWS\System32\ADVAPI32.dll
0x00007ffc30d30000 - 0x00007ffc30dce000 	C:\WINDOWS\System32\msvcrt.dll
0x00007ffc30ca0000 - 0x00007ffc30cfb000 	C:\WINDOWS\System32\sechost.dll
0x00007ffc330e0000 - 0x00007ffc33204000 	C:\WINDOWS\System32\RPCRT4.dll
0x00007ffc327a0000 - 0x00007ffc32930000 	C:\WINDOWS\System32\USER32.dll
0x00007ffc30ad0000 - 0x00007ffc30af0000 	C:\WINDOWS\System32\win32u.dll
0x00007ffc30d00000 - 0x00007ffc30d28000 	C:\WINDOWS\System32\GDI32.dll
0x00007ffc306f0000 - 0x00007ffc30882000 	C:\WINDOWS\System32\gdi32full.dll
0x00007ffc2fc60000 - 0x00007ffc2fcff000 	C:\WINDOWS\System32\msvcp_win.dll
0x00007ffc2fb60000 - 0x00007ffc2fc58000 	C:\WINDOWS\System32\ucrtbase.dll
0x00007ffc1fd80000 - 0x00007ffc1ffe9000 	C:\WINDOWS\WinSxS\amd64_microsoft.windows.common-controls_6595b64144ccf1df_6.0.17134.753_none_fb40a13930672597\COMCTL32.dll
0x00007ffc30de0000 - 0x00007ffc31102000 	C:\WINDOWS\System32\combase.dll
0x00007ffc30af0000 - 0x00007ffc30b6a000 	C:\WINDOWS\System32\bcryptPrimitives.dll
0x00007ffc33710000 - 0x00007ffc3373d000 	C:\WINDOWS\System32\IMM32.DLL
0x0000000054c70000 - 0x0000000054d42000 	D:\ruanjian\andriod\jre\jre\bin\msvcr100.dll
0x0000000054e30000 - 0x000000005566f000 	D:\ruanjian\andriod\jre\jre\bin\server\jvm.dll
0x00007ffc330d0000 - 0x00007ffc330d8000 	C:\WINDOWS\System32\PSAPI.DLL
0x00007ffc2b2b0000 - 0x00007ffc2b2b9000 	C:\WINDOWS\SYSTEM32\WSOCK32.dll
0x00007ffc22700000 - 0x00007ffc2270a000 	C:\WINDOWS\SYSTEM32\VERSION.dll
0x00007ffc2d370000 - 0x00007ffc2d393000 	C:\WINDOWS\SYSTEM32\WINMM.dll
0x00007ffc32b90000 - 0x00007ffc32bfc000 	C:\WINDOWS\System32\WS2_32.dll
0x00007ffc2d340000 - 0x00007ffc2d36a000 	C:\WINDOWS\SYSTEM32\winmmbase.dll
0x00007ffc30890000 - 0x00007ffc308d9000 	C:\WINDOWS\System32\cfgmgr32.dll
0x00007ffc2ae40000 - 0x00007ffc2ae4f000 	D:\ruanjian\andriod\jre\jre\bin\verify.dll
0x00007ffc21a50000 - 0x00007ffc21a79000 	D:\ruanjian\andriod\jre\jre\bin\java.dll
0x00007ffc26000000 - 0x00007ffc26016000 	D:\ruanjian\andriod\jre\jre\bin\zip.dll
0x00007ffc31120000 - 0x00007ffc32560000 	C:\WINDOWS\System32\SHELL32.dll
0x00007ffc33210000 - 0x00007ffc332b9000 	C:\WINDOWS\System32\shcore.dll
0x00007ffc2ffe0000 - 0x00007ffc306ed000 	C:\WINDOWS\System32\windows.storage.dll
0x00007ffc32c00000 - 0x00007ffc32c51000 	C:\WINDOWS\System32\shlwapi.dll
0x00007ffc2fb40000 - 0x00007ffc2fb51000 	C:\WINDOWS\System32\kernel.appcore.dll
0x00007ffc2fad0000 - 0x00007ffc2faef000 	C:\WINDOWS\System32\profapi.dll
0x00007ffc2faf0000 - 0x00007ffc2fb3c000 	C:\WINDOWS\System32\powrprof.dll
0x00007ffc2faa0000 - 0x00007ffc2faaa000 	C:\WINDOWS\System32\FLTLIB.DLL
0x00007ffc25fb0000 - 0x00007ffc25fca000 	D:\ruanjian\andriod\jre\jre\bin\net.dll
0x00007ffc2f2a0000 - 0x00007ffc2f306000 	C:\WINDOWS\system32\mswsock.dll
0x00007ffc21f00000 - 0x00007ffc21f11000 	D:\ruanjian\andriod\jre\jre\bin\nio.dll
0x00007ffc2b580000 - 0x00007ffc2b59e000 	F:\AndroidCache\.gradle\native\25\windows-amd64\native-platform.dll
0x00007ffc2c3b0000 - 0x00007ffc2c3bd000 	D:\ruanjian\andriod\jre\jre\bin\management.dll
0x00007ffc2f460000 - 0x00007ffc2f477000 	C:\WINDOWS\SYSTEM32\CRYPTSP.dll
0x00007ffc2ee80000 - 0x00007ffc2eeb3000 	C:\WINDOWS\system32\rsaenh.dll
0x00007ffc2f580000 - 0x00007ffc2f5a5000 	C:\WINDOWS\SYSTEM32\bcrypt.dll
0x00007ffc2f9d0000 - 0x00007ffc2f9f8000 	C:\WINDOWS\SYSTEM32\USERENV.dll
0x00007ffc2f450000 - 0x00007ffc2f45b000 	C:\WINDOWS\SYSTEM32\CRYPTBASE.dll
0x00007ffc2f020000 - 0x00007ffc2f058000 	C:\WINDOWS\SYSTEM32\IPHLPAPI.DLL
0x00007ffc30dd0000 - 0x00007ffc30dd8000 	C:\WINDOWS\System32\NSI.dll
0x00007ffc27970000 - 0x00007ffc27986000 	C:\WINDOWS\SYSTEM32\dhcpcsvc6.DLL
0x00007ffc27950000 - 0x00007ffc2796a000 	C:\WINDOWS\SYSTEM32\dhcpcsvc.DLL

VM Arguments:
jvm_args: -XX:MaxPermSize=512m -XX:+HeapDumpOnOutOfMemoryError -Xmx2048m -Dfile.encoding=UTF-8 -Duser.country=CN -Duser.language=zh -Duser.variant 
java_command: org.gradle.launcher.daemon.bootstrap.GradleDaemon 4.4
java_class_path (initial): F:\AndroidCache\.gradle\wrapper\dists\gradle-4.4-all\9br9xq1tocpiv8o6njlyu5op1\gradle-4.4\lib\gradle-launcher-4.4.jar
Launcher Type: SUN_STANDARD

Environment Variables:
JAVA_HOME=D:\ruanjian\javajdk
PATH=D:\ruanjian\AndriodSDK\cmake\3.6.4111459£»D:\ruanjian\ZBar\bin£»D:\ruanjian\AndriodSDK\cmake\3.6.4111459\bin£»D:\ruanjian\AndriodSDK\android-ndk-r14b\build\cmake;D:\ruanjian\vscode\Microsoft VS Code\bin;D:\ruanjian\nodejs;;C:\WINDOWS\system32;C:\WINDOWS;C:\WINDOWS\System32\Wbem;C:\WINDOWS\System32\WindowsPowerShell\v1.0\;C:\WINDOWS\System32\OpenSSH\;D:\ruanjian\AndriodSDK\cmake\3.6.4111459\bin;D:\ruanjian\ZBar\bin;D:\ruanjian\opencv3.2\build\x64\vc14\bin;C:\Users\vincy\AppData\Local\Microsoft\WindowsApps;C:\Users\vincy\Downloads\emgucv-windesktop 3.4.1.2976\bin;D:\ruanjian\cppan-master-Windows-client;D:\ruanjian\Tesseract-OCR;D:\ruanjian\pycharm\PyCharm 2018.3\bin;;D:\ruanjian\anaconda\Scripts;D:\ruanjian\javajdk\bin;D:\ruanjian\javajdk\jre\bin;D:\ruanjian\AndriodSDK\platforms\android-26\android.jar;
USERNAME=vincy
OS=Windows_NT
PROCESSOR_IDENTIFIER=Intel64 Family 6 Model 58 Stepping 9, GenuineIntel



---------------  S Y S T E M  ---------------

OS: Windows 10.0 , 64 bit Build 17134 (10.0.17134.753)

CPU:total 4 (initial active 4) (2 cores per cpu, 2 threads per core) family 6 model 58 stepping 9, cmov, cx8, fxsr, mmx, sse, sse2, sse3, ssse3, sse4.1, sse4.2, popcnt, avx, clmul, erms, ht, tsc, tscinvbit, tscinv

Memory: 4k page, physical 8179300k(923340k free), swap 8179300k(4096k free)

vm_info: OpenJDK 64-Bit Server VM (25.152-b02) for windows-amd64 JRE (1.8.0_152-release-1024-b02), built by "builder" with MS VC++ 10.0 (VS2010)

time: Tue May 14 14:55:02 2019
elapsed time: 6 seconds (0d 0h 0m 6s)

